2023-05-08 00:02:09.141  WARN 26076 --- [HikariPool-1 housekeeper] com.zaxxer.hikari.pool.HikariPool        : HikariPool-1 - Thread starvation or clock leap detected (housekeeper delta=17m34s255ms).
2023-05-08 00:07:15.143  WARN 26076 --- [HikariPool-1 housekeeper] com.zaxxer.hikari.pool.HikariPool        : HikariPool-1 - Thread starvation or clock leap detected (housekeeper delta=5m6s2ms).
2023-05-08 00:25:56.009  WARN 26076 --- [HikariPool-1 housekeeper] com.zaxxer.hikari.pool.HikariPool        : HikariPool-1 - Thread starvation or clock leap detected (housekeeper delta=18m10s850ms).
2023-05-08 00:41:58.930  WARN 26076 --- [HikariPool-1 housekeeper] com.zaxxer.hikari.pool.HikariPool        : HikariPool-1 - Thread starvation or clock leap detected (housekeeper delta=15m32s910ms).
2023-05-08 00:58:18.791  WARN 26076 --- [HikariPool-1 housekeeper] com.zaxxer.hikari.pool.HikariPool        : HikariPool-1 - Thread starvation or clock leap detected (housekeeper delta=16m19s862ms).
2023-05-08 01:14:34.433  WARN 26076 --- [HikariPool-1 housekeeper] com.zaxxer.hikari.pool.HikariPool        : HikariPool-1 - Thread starvation or clock leap detected (housekeeper delta=15m45s642ms).
2023-05-08 01:31:32.325  WARN 26076 --- [HikariPool-1 housekeeper] com.zaxxer.hikari.pool.HikariPool        : HikariPool-1 - Thread starvation or clock leap detected (housekeeper delta=16m27s883ms).
2023-05-08 01:48:21.208  WARN 26076 --- [HikariPool-1 housekeeper] com.zaxxer.hikari.pool.HikariPool        : HikariPool-1 - Thread starvation or clock leap detected (housekeeper delta=16m48s883ms).
2023-05-08 02:05:45.060  WARN 26076 --- [HikariPool-1 housekeeper] com.zaxxer.hikari.pool.HikariPool        : HikariPool-1 - Thread starvation or clock leap detected (housekeeper delta=16m53s856ms).
2023-05-08 02:24:12.928  WARN 26076 --- [HikariPool-1 housekeeper] com.zaxxer.hikari.pool.HikariPool        : HikariPool-1 - Thread starvation or clock leap detected (housekeeper delta=17m57s856ms).
2023-05-08 02:40:20.262  WARN 26076 --- [HikariPool-1 housekeeper] com.zaxxer.hikari.pool.HikariPool        : HikariPool-1 - Thread starvation or clock leap detected (housekeeper delta=16m7s333ms).
2023-05-08 02:58:28.179  WARN 26076 --- [HikariPool-1 housekeeper] com.zaxxer.hikari.pool.HikariPool        : HikariPool-1 - Thread starvation or clock leap detected (housekeeper delta=17m37s917ms).
2023-05-08 03:15:54.844  WARN 26076 --- [HikariPool-1 housekeeper] com.zaxxer.hikari.pool.HikariPool        : HikariPool-1 - Thread starvation or clock leap detected (housekeeper delta=16m56s660ms).
2023-05-08 03:32:02.704  WARN 26076 --- [HikariPool-1 housekeeper] com.zaxxer.hikari.pool.HikariPool        : HikariPool-1 - Thread starvation or clock leap detected (housekeeper delta=15m37s850ms).
2023-05-08 03:49:44.552  WARN 26076 --- [HikariPool-1 housekeeper] com.zaxxer.hikari.pool.HikariPool        : HikariPool-1 - Thread starvation or clock leap detected (housekeeper delta=17m41s848ms).
2023-05-08 04:08:06.417  WARN 26076 --- [HikariPool-1 housekeeper] com.zaxxer.hikari.pool.HikariPool        : HikariPool-1 - Thread starvation or clock leap detected (housekeeper delta=17m51s852ms).
2023-05-08 04:24:09.269  WARN 26076 --- [HikariPool-1 housekeeper] com.zaxxer.hikari.pool.HikariPool        : HikariPool-1 - Thread starvation or clock leap detected (housekeeper delta=16m2s852ms).
2023-05-08 04:41:09.309  WARN 26076 --- [HikariPool-1 housekeeper] com.zaxxer.hikari.pool.HikariPool        : HikariPool-1 - Thread starvation or clock leap detected (housekeeper delta=16m29s994ms).
2023-05-08 04:59:15.295  WARN 26076 --- [HikariPool-1 housekeeper] com.zaxxer.hikari.pool.HikariPool        : HikariPool-1 - Thread starvation or clock leap detected (housekeeper delta=17m35s964ms).
2023-05-08 05:16:55.193  WARN 26076 --- [HikariPool-1 housekeeper] com.zaxxer.hikari.pool.HikariPool        : HikariPool-1 - Thread starvation or clock leap detected (housekeeper delta=17m9s887ms).
2023-05-08 05:33:17.996  WARN 26076 --- [HikariPool-1 housekeeper] com.zaxxer.hikari.pool.HikariPool        : HikariPool-1 - Thread starvation or clock leap detected (housekeeper delta=16m22s803ms).
2023-05-08 05:49:32.883  WARN 26076 --- [HikariPool-1 housekeeper] com.zaxxer.hikari.pool.HikariPool        : HikariPool-1 - Thread starvation or clock leap detected (housekeeper delta=15m44s901ms).
2023-05-08 06:05:06.676  WARN 26076 --- [HikariPool-1 housekeeper] com.zaxxer.hikari.pool.HikariPool        : HikariPool-1 - Thread starvation or clock leap detected (housekeeper delta=15m33s793ms).
2023-05-08 06:22:24.557  WARN 26076 --- [HikariPool-1 housekeeper] com.zaxxer.hikari.pool.HikariPool        : HikariPool-1 - Thread starvation or clock leap detected (housekeeper delta=16m47s878ms).
2023-05-08 06:39:05.489  WARN 26076 --- [HikariPool-1 housekeeper] com.zaxxer.hikari.pool.HikariPool        : HikariPool-1 - Thread starvation or clock leap detected (housekeeper delta=16m10s926ms).
2023-05-08 06:55:56.440  WARN 26076 --- [HikariPool-1 housekeeper] com.zaxxer.hikari.pool.HikariPool        : HikariPool-1 - Thread starvation or clock leap detected (housekeeper delta=16m50s951ms).
2023-05-08 07:13:57.242  WARN 26076 --- [HikariPool-1 housekeeper] com.zaxxer.hikari.pool.HikariPool        : HikariPool-1 - Thread starvation or clock leap detected (housekeeper delta=17m30s819ms).
2023-05-08 07:30:12.041  WARN 26076 --- [HikariPool-1 housekeeper] com.zaxxer.hikari.pool.HikariPool        : HikariPool-1 - Thread starvation or clock leap detected (housekeeper delta=15m44s819ms).
2023-05-08 07:45:41.861  WARN 26076 --- [HikariPool-1 housekeeper] com.zaxxer.hikari.pool.HikariPool        : HikariPool-1 - Thread starvation or clock leap detected (housekeeper delta=15m29s820ms).
2023-05-08 08:02:44.681  WARN 26076 --- [HikariPool-1 housekeeper] com.zaxxer.hikari.pool.HikariPool        : HikariPool-1 - Thread starvation or clock leap detected (housekeeper delta=16m32s826ms).
2023-05-08 08:18:25.686  WARN 26076 --- [HikariPool-1 housekeeper] com.zaxxer.hikari.pool.HikariPool        : HikariPool-1 - Thread starvation or clock leap detected (housekeeper delta=15m41s5ms).
2023-05-08 08:20:27.284  WARN 26076 --- [HikariPool-1 housekeeper] com.zaxxer.hikari.pool.HikariPool        : HikariPool-1 - Thread starvation or clock leap detected (housekeeper delta=1m31s553ms).
2023-05-08 08:37:58.332  WARN 26076 --- [HikariPool-1 housekeeper] com.zaxxer.hikari.pool.HikariPool        : HikariPool-1 - Thread starvation or clock leap detected (housekeeper delta=17m1s38ms).
2023-05-08 08:53:42.252  WARN 26076 --- [HikariPool-1 housekeeper] com.zaxxer.hikari.pool.HikariPool        : HikariPool-1 - Thread starvation or clock leap detected (housekeeper delta=15m43s919ms).
2023-05-08 09:12:00.058  WARN 26076 --- [HikariPool-1 housekeeper] com.zaxxer.hikari.pool.HikariPool        : HikariPool-1 - Thread starvation or clock leap detected (housekeeper delta=17m47s796ms).
2023-05-08 09:28:34.987  WARN 26076 --- [HikariPool-1 housekeeper] com.zaxxer.hikari.pool.HikariPool        : HikariPool-1 - Thread starvation or clock leap detected (housekeeper delta=16m4s934ms).
2023-05-08 09:44:42.987  WARN 26076 --- [HikariPool-1 housekeeper] com.zaxxer.hikari.pool.HikariPool        : HikariPool-1 - Thread starvation or clock leap detected (housekeeper delta=16m8s).
2023-05-08 10:01:31.857  WARN 26076 --- [HikariPool-1 housekeeper] com.zaxxer.hikari.pool.HikariPool        : HikariPool-1 - Thread starvation or clock leap detected (housekeeper delta=16m18s898ms).
2023-05-08 10:18:48.785  WARN 26076 --- [HikariPool-1 housekeeper] com.zaxxer.hikari.pool.HikariPool        : HikariPool-1 - Thread starvation or clock leap detected (housekeeper delta=16m46s909ms).
2023-05-08 10:34:57.718  WARN 26076 --- [HikariPool-1 housekeeper] com.zaxxer.hikari.pool.HikariPool        : HikariPool-1 - Thread starvation or clock leap detected (housekeeper delta=16m8s933ms).
2023-05-08 10:52:45.567  WARN 26076 --- [HikariPool-1 housekeeper] com.zaxxer.hikari.pool.HikariPool        : HikariPool-1 - Thread starvation or clock leap detected (housekeeper delta=17m17s839ms).
2023-05-08 10:54:59.650  WARN 26076 --- [HikariPool-1 housekeeper] com.zaxxer.hikari.pool.HikariPool        : HikariPool-1 - Thread starvation or clock leap detected (housekeeper delta=1m44s75ms).
2023-05-08 10:57:09.914  INFO 26869 --- [main] c.m.eventsapp.EventsApplication          : Starting EventsApplication using Java 17.0.7 on mbair.local with PID 26869 (/Users/massari/Documents/Java-Spring/events-app/build/classes/java/main started by massari in /Users/massari/Documents/Java-Spring/events-app)
2023-05-08 10:57:09.915 DEBUG 26869 --- [main] c.m.eventsapp.EventsApplication          : Running with Spring Boot v2.5.5, Spring v5.3.10
2023-05-08 10:57:09.915  INFO 26869 --- [main] c.m.eventsapp.EventsApplication          : No active profile set, falling back to default profiles: default
2023-05-08 10:57:10.481  WARN 26869 --- [main] JpaBaseConfiguration$JpaWebConfiguration : spring.jpa.open-in-view is enabled by default. Therefore, database queries may be performed during view rendering. Explicitly configure spring.jpa.open-in-view to disable this warning
2023-05-08 10:57:10.880 DEBUG 26869 --- [main] org.hibernate.SQL                        : create table app_user (id bigint generated by default as identity, email varchar(255), first_name varchar(255), last_name varchar(255), password varchar(255), role varchar(255), username varchar(255), primary key (id))
2023-05-08 10:57:10.883 DEBUG 26869 --- [main] org.hibernate.SQL                        : create table event (id bigint generated by default as identity, date timestamp, description varchar(255), name varchar(255), host_id bigint, region_id bigint, primary key (id))
2023-05-08 10:57:10.883 DEBUG 26869 --- [main] org.hibernate.SQL                        : create table event_cohosts (event_id bigint not null, cohost_id bigint not null, primary key (event_id, cohost_id))
2023-05-08 10:57:10.884 DEBUG 26869 --- [main] org.hibernate.SQL                        : create table region (id bigint generated by default as identity, name varchar(255), primary key (id))
2023-05-08 10:57:10.885 DEBUG 26869 --- [main] org.hibernate.SQL                        : alter table app_user drop constraint if exists UK_1j9d9a06i600gd43uu3km82jw
2023-05-08 10:57:10.885 DEBUG 26869 --- [main] org.hibernate.SQL                        : alter table app_user add constraint UK_1j9d9a06i600gd43uu3km82jw unique (email)
2023-05-08 10:57:10.885 DEBUG 26869 --- [main] org.hibernate.SQL                        : alter table event add constraint FKmqy1hlt55grwopt2j3adk3pht foreign key (host_id) references app_user
2023-05-08 10:57:10.886 DEBUG 26869 --- [main] org.hibernate.SQL                        : alter table event add constraint FKjo3inaua6ckdrr2qeehh9225v foreign key (region_id) references region
2023-05-08 10:57:10.887 DEBUG 26869 --- [main] org.hibernate.SQL                        : alter table event_cohosts add constraint FKjqpaw1oqoas11pjb1ans6yw32 foreign key (cohost_id) references app_user
2023-05-08 10:57:10.888 DEBUG 26869 --- [main] org.hibernate.SQL                        : alter table event_cohosts add constraint FK45cmrifg6nptear5bugp1otli foreign key (event_id) references event
2023-05-08 10:57:11.047 DEBUG 26869 --- [main] c.m.e.e.s.JwtAuthenticationFilter        : Filter 'jwtAuthenticationFilter' configured for use
2023-05-08 10:57:11.256  INFO 26869 --- [main] c.m.eventsapp.EventsApplication          : Started EventsApplication in 1.467 seconds (JVM running for 1.865)
2023-05-08 10:57:20.253 DEBUG 26869 --- [http-nio-8080-exec-1] org.hibernate.SQL                        : select user0_.id as id1_0_, user0_.email as email2_0_, user0_.first_name as first_na3_0_, user0_.last_name as last_nam4_0_, user0_.password as password5_0_, user0_.role as role6_0_, user0_.username as username7_0_ from app_user user0_ where user0_.username=?
2023-05-08 10:57:20.255 TRACE 26869 --- [http-nio-8080-exec-1] o.h.type.descriptor.sql.BasicBinder      : binding parameter [1] as [VARCHAR] - [Massaranduba]
2023-05-08 10:57:27.532 ERROR 26869 --- [http-nio-8080-exec-2] c.m.e.e.s.JwtAuthenticationFilter        : Invalid JWT token

io.jsonwebtoken.MalformedJwtException: JWT strings must contain exactly 2 period characters. Found: 0
	at io.jsonwebtoken.impl.DefaultJwtParser.parse(DefaultJwtParser.java:235) ~[jjwt-0.9.1.jar:0.9.1]
	at io.jsonwebtoken.impl.DefaultJwtParser.parse(DefaultJwtParser.java:481) ~[jjwt-0.9.1.jar:0.9.1]
	at io.jsonwebtoken.impl.DefaultJwtParser.parseClaimsJws(DefaultJwtParser.java:541) ~[jjwt-0.9.1.jar:0.9.1]
	at com.massaricompany.eventsapp.events.security.JwtAuthenticationFilter.validateToken(JwtAuthenticationFilter.java:75) ~[main/:na]
	at com.massaricompany.eventsapp.events.security.JwtAuthenticationFilter.doFilterInternal(JwtAuthenticationFilter.java:50) ~[main/:na]
	at org.springframework.web.filter.OncePerRequestFilter.doFilter(OncePerRequestFilter.java:119) ~[spring-web-5.3.10.jar:5.3.10]
	at org.apache.catalina.core.ApplicationFilterChain.internalDoFilter(ApplicationFilterChain.java:189) ~[tomcat-embed-core-9.0.53.jar:9.0.53]
	at org.apache.catalina.core.ApplicationFilterChain.doFilter(ApplicationFilterChain.java:162) ~[tomcat-embed-core-9.0.53.jar:9.0.53]
	at org.springframework.security.web.FilterChainProxy$VirtualFilterChain.doFilter(FilterChainProxy.java:327) ~[spring-security-web-5.5.2.jar:5.5.2]
	at org.springframework.security.web.access.intercept.FilterSecurityInterceptor.invoke(FilterSecurityInterceptor.java:115) ~[spring-security-web-5.5.2.jar:5.5.2]
	at org.springframework.security.web.access.intercept.FilterSecurityInterceptor.doFilter(FilterSecurityInterceptor.java:81) ~[spring-security-web-5.5.2.jar:5.5.2]
	at org.springframework.security.web.FilterChainProxy$VirtualFilterChain.doFilter(FilterChainProxy.java:336) ~[spring-security-web-5.5.2.jar:5.5.2]
	at org.springframework.security.web.access.ExceptionTranslationFilter.doFilter(ExceptionTranslationFilter.java:121) ~[spring-security-web-5.5.2.jar:5.5.2]
	at org.springframework.security.web.access.ExceptionTranslationFilter.doFilter(ExceptionTranslationFilter.java:115) ~[spring-security-web-5.5.2.jar:5.5.2]
	at org.springframework.security.web.FilterChainProxy$VirtualFilterChain.doFilter(FilterChainProxy.java:336) ~[spring-security-web-5.5.2.jar:5.5.2]
	at org.springframework.security.web.session.SessionManagementFilter.doFilter(SessionManagementFilter.java:126) ~[spring-security-web-5.5.2.jar:5.5.2]
	at org.springframework.security.web.session.SessionManagementFilter.doFilter(SessionManagementFilter.java:81) ~[spring-security-web-5.5.2.jar:5.5.2]
	at org.springframework.security.web.FilterChainProxy$VirtualFilterChain.doFilter(FilterChainProxy.java:336) ~[spring-security-web-5.5.2.jar:5.5.2]
	at org.springframework.security.web.authentication.AnonymousAuthenticationFilter.doFilter(AnonymousAuthenticationFilter.java:105) ~[spring-security-web-5.5.2.jar:5.5.2]
	at org.springframework.security.web.FilterChainProxy$VirtualFilterChain.doFilter(FilterChainProxy.java:336) ~[spring-security-web-5.5.2.jar:5.5.2]
	at org.springframework.security.web.servletapi.SecurityContextHolderAwareRequestFilter.doFilter(SecurityContextHolderAwareRequestFilter.java:149) ~[spring-security-web-5.5.2.jar:5.5.2]
	at org.springframework.security.web.FilterChainProxy$VirtualFilterChain.doFilter(FilterChainProxy.java:336) ~[spring-security-web-5.5.2.jar:5.5.2]
	at org.springframework.security.web.savedrequest.RequestCacheAwareFilter.doFilter(RequestCacheAwareFilter.java:63) ~[spring-security-web-5.5.2.jar:5.5.2]
	at org.springframework.security.web.FilterChainProxy$VirtualFilterChain.doFilter(FilterChainProxy.java:336) ~[spring-security-web-5.5.2.jar:5.5.2]
	at org.springframework.security.web.authentication.logout.LogoutFilter.doFilter(LogoutFilter.java:103) ~[spring-security-web-5.5.2.jar:5.5.2]
	at org.springframework.security.web.authentication.logout.LogoutFilter.doFilter(LogoutFilter.java:89) ~[spring-security-web-5.5.2.jar:5.5.2]
	at org.springframework.security.web.FilterChainProxy$VirtualFilterChain.doFilter(FilterChainProxy.java:336) ~[spring-security-web-5.5.2.jar:5.5.2]
	at org.springframework.security.web.header.HeaderWriterFilter.doHeadersAfter(HeaderWriterFilter.java:90) ~[spring-security-web-5.5.2.jar:5.5.2]
	at org.springframework.security.web.header.HeaderWriterFilter.doFilterInternal(HeaderWriterFilter.java:75) ~[spring-security-web-5.5.2.jar:5.5.2]
	at org.springframework.web.filter.OncePerRequestFilter.doFilter(OncePerRequestFilter.java:119) ~[spring-web-5.3.10.jar:5.3.10]
	at org.springframework.security.web.FilterChainProxy$VirtualFilterChain.doFilter(FilterChainProxy.java:336) ~[spring-security-web-5.5.2.jar:5.5.2]
	at org.springframework.security.web.context.SecurityContextPersistenceFilter.doFilter(SecurityContextPersistenceFilter.java:110) ~[spring-security-web-5.5.2.jar:5.5.2]
	at org.springframework.security.web.context.SecurityContextPersistenceFilter.doFilter(SecurityContextPersistenceFilter.java:80) ~[spring-security-web-5.5.2.jar:5.5.2]
	at org.springframework.security.web.FilterChainProxy$VirtualFilterChain.doFilter(FilterChainProxy.java:336) ~[spring-security-web-5.5.2.jar:5.5.2]
	at org.springframework.security.web.context.request.async.WebAsyncManagerIntegrationFilter.doFilterInternal(WebAsyncManagerIntegrationFilter.java:55) ~[spring-security-web-5.5.2.jar:5.5.2]
	at org.springframework.web.filter.OncePerRequestFilter.doFilter(OncePerRequestFilter.java:119) ~[spring-web-5.3.10.jar:5.3.10]
	at org.springframework.security.web.FilterChainProxy$VirtualFilterChain.doFilter(FilterChainProxy.java:336) ~[spring-security-web-5.5.2.jar:5.5.2]
	at org.springframework.security.web.FilterChainProxy.doFilterInternal(FilterChainProxy.java:211) ~[spring-security-web-5.5.2.jar:5.5.2]
	at org.springframework.security.web.FilterChainProxy.doFilter(FilterChainProxy.java:183) ~[spring-security-web-5.5.2.jar:5.5.2]
	at org.springframework.web.filter.DelegatingFilterProxy.invokeDelegate(DelegatingFilterProxy.java:358) ~[spring-web-5.3.10.jar:5.3.10]
	at org.springframework.web.filter.DelegatingFilterProxy.doFilter(DelegatingFilterProxy.java:271) ~[spring-web-5.3.10.jar:5.3.10]
	at org.apache.catalina.core.ApplicationFilterChain.internalDoFilter(ApplicationFilterChain.java:189) ~[tomcat-embed-core-9.0.53.jar:9.0.53]
	at org.apache.catalina.core.ApplicationFilterChain.doFilter(ApplicationFilterChain.java:162) ~[tomcat-embed-core-9.0.53.jar:9.0.53]
	at org.springframework.web.filter.RequestContextFilter.doFilterInternal(RequestContextFilter.java:100) ~[spring-web-5.3.10.jar:5.3.10]
	at org.springframework.web.filter.OncePerRequestFilter.doFilter(OncePerRequestFilter.java:119) ~[spring-web-5.3.10.jar:5.3.10]
	at org.apache.catalina.core.ApplicationFilterChain.internalDoFilter(ApplicationFilterChain.java:189) ~[tomcat-embed-core-9.0.53.jar:9.0.53]
	at org.apache.catalina.core.ApplicationFilterChain.doFilter(ApplicationFilterChain.java:162) ~[tomcat-embed-core-9.0.53.jar:9.0.53]
	at org.springframework.web.filter.FormContentFilter.doFilterInternal(FormContentFilter.java:93) ~[spring-web-5.3.10.jar:5.3.10]
	at org.springframework.web.filter.OncePerRequestFilter.doFilter(OncePerRequestFilter.java:119) ~[spring-web-5.3.10.jar:5.3.10]
	at org.apache.catalina.core.ApplicationFilterChain.internalDoFilter(ApplicationFilterChain.java:189) ~[tomcat-embed-core-9.0.53.jar:9.0.53]
	at org.apache.catalina.core.ApplicationFilterChain.doFilter(ApplicationFilterChain.java:162) ~[tomcat-embed-core-9.0.53.jar:9.0.53]
	at org.springframework.web.filter.CharacterEncodingFilter.doFilterInternal(CharacterEncodingFilter.java:201) ~[spring-web-5.3.10.jar:5.3.10]
	at org.springframework.web.filter.OncePerRequestFilter.doFilter(OncePerRequestFilter.java:119) ~[spring-web-5.3.10.jar:5.3.10]
	at org.apache.catalina.core.ApplicationFilterChain.internalDoFilter(ApplicationFilterChain.java:189) ~[tomcat-embed-core-9.0.53.jar:9.0.53]
	at org.apache.catalina.core.ApplicationFilterChain.doFilter(ApplicationFilterChain.java:162) ~[tomcat-embed-core-9.0.53.jar:9.0.53]
	at org.apache.catalina.core.StandardWrapperValve.invoke(StandardWrapperValve.java:197) ~[tomcat-embed-core-9.0.53.jar:9.0.53]
	at org.apache.catalina.core.StandardContextValve.invoke(StandardContextValve.java:97) ~[tomcat-embed-core-9.0.53.jar:9.0.53]
	at org.apache.catalina.authenticator.AuthenticatorBase.invoke(AuthenticatorBase.java:540) ~[tomcat-embed-core-9.0.53.jar:9.0.53]
	at org.apache.catalina.core.StandardHostValve.invoke(StandardHostValve.java:135) ~[tomcat-embed-core-9.0.53.jar:9.0.53]
	at org.apache.catalina.valves.ErrorReportValve.invoke(ErrorReportValve.java:92) ~[tomcat-embed-core-9.0.53.jar:9.0.53]
	at org.apache.catalina.core.StandardEngineValve.invoke(StandardEngineValve.java:78) ~[tomcat-embed-core-9.0.53.jar:9.0.53]
	at org.apache.catalina.connector.CoyoteAdapter.service(CoyoteAdapter.java:357) ~[tomcat-embed-core-9.0.53.jar:9.0.53]
	at org.apache.coyote.http11.Http11Processor.service(Http11Processor.java:382) ~[tomcat-embed-core-9.0.53.jar:9.0.53]
	at org.apache.coyote.AbstractProcessorLight.process(AbstractProcessorLight.java:65) ~[tomcat-embed-core-9.0.53.jar:9.0.53]
	at org.apache.coyote.AbstractProtocol$ConnectionHandler.process(AbstractProtocol.java:893) ~[tomcat-embed-core-9.0.53.jar:9.0.53]
	at org.apache.tomcat.util.net.NioEndpoint$SocketProcessor.doRun(NioEndpoint.java:1726) ~[tomcat-embed-core-9.0.53.jar:9.0.53]
	at org.apache.tomcat.util.net.SocketProcessorBase.run(SocketProcessorBase.java:49) ~[tomcat-embed-core-9.0.53.jar:9.0.53]
	at org.apache.tomcat.util.threads.ThreadPoolExecutor.runWorker(ThreadPoolExecutor.java:1191) ~[tomcat-embed-core-9.0.53.jar:9.0.53]
	at org.apache.tomcat.util.threads.ThreadPoolExecutor$Worker.run(ThreadPoolExecutor.java:659) ~[tomcat-embed-core-9.0.53.jar:9.0.53]
	at org.apache.tomcat.util.threads.TaskThread$WrappingRunnable.run(TaskThread.java:61) ~[tomcat-embed-core-9.0.53.jar:9.0.53]
	at java.base/java.lang.Thread.run(Thread.java:833) ~[na:na]

2023-05-08 10:57:27.658 DEBUG 26869 --- [http-nio-8080-exec-2] org.hibernate.SQL                        : insert into app_user (id, email, first_name, last_name, password, role, username) values (null, ?, ?, ?, ?, ?, ?)
2023-05-08 10:57:27.658 TRACE 26869 --- [http-nio-8080-exec-2] o.h.type.descriptor.sql.BasicBinder      : binding parameter [1] as [VARCHAR] - [massari@email.com]
2023-05-08 10:57:27.658 TRACE 26869 --- [http-nio-8080-exec-2] o.h.type.descriptor.sql.BasicBinder      : binding parameter [2] as [VARCHAR] - [Test]
2023-05-08 10:57:27.658 TRACE 26869 --- [http-nio-8080-exec-2] o.h.type.descriptor.sql.BasicBinder      : binding parameter [3] as [VARCHAR] - [User]
2023-05-08 10:57:27.658 TRACE 26869 --- [http-nio-8080-exec-2] o.h.type.descriptor.sql.BasicBinder      : binding parameter [4] as [VARCHAR] - [$2a$10$r/TRbZ1mcvCw6ghuIVCo1OosHy7jiR5uqFVxmdJ49Dj9YVLl1dccW]
2023-05-08 10:57:27.658 TRACE 26869 --- [http-nio-8080-exec-2] o.h.type.descriptor.sql.BasicBinder      : binding parameter [5] as [VARCHAR] - [Admin]
2023-05-08 10:57:27.658 TRACE 26869 --- [http-nio-8080-exec-2] o.h.type.descriptor.sql.BasicBinder      : binding parameter [6] as [VARCHAR] - [Massaranduba]
2023-05-08 10:57:33.948 DEBUG 26869 --- [http-nio-8080-exec-3] org.hibernate.SQL                        : select user0_.id as id1_0_, user0_.email as email2_0_, user0_.first_name as first_na3_0_, user0_.last_name as last_nam4_0_, user0_.password as password5_0_, user0_.role as role6_0_, user0_.username as username7_0_ from app_user user0_ where user0_.username=?
2023-05-08 10:57:33.948 TRACE 26869 --- [http-nio-8080-exec-3] o.h.type.descriptor.sql.BasicBinder      : binding parameter [1] as [VARCHAR] - [Massaranduba]
2023-05-08 10:57:33.952 TRACE 26869 --- [http-nio-8080-exec-3] o.h.type.descriptor.sql.BasicExtractor   : extracted value ([id1_0_] : [BIGINT]) - [6]
2023-05-08 10:57:33.956 TRACE 26869 --- [http-nio-8080-exec-3] o.h.type.descriptor.sql.BasicExtractor   : extracted value ([email2_0_] : [VARCHAR]) - [massari@email.com]
2023-05-08 10:57:33.957 TRACE 26869 --- [http-nio-8080-exec-3] o.h.type.descriptor.sql.BasicExtractor   : extracted value ([first_na3_0_] : [VARCHAR]) - [Test]
2023-05-08 10:57:33.957 TRACE 26869 --- [http-nio-8080-exec-3] o.h.type.descriptor.sql.BasicExtractor   : extracted value ([last_nam4_0_] : [VARCHAR]) - [User]
2023-05-08 10:57:33.957 TRACE 26869 --- [http-nio-8080-exec-3] o.h.type.descriptor.sql.BasicExtractor   : extracted value ([password5_0_] : [VARCHAR]) - [$2a$10$r/TRbZ1mcvCw6ghuIVCo1OosHy7jiR5uqFVxmdJ49Dj9YVLl1dccW]
2023-05-08 10:57:33.957 TRACE 26869 --- [http-nio-8080-exec-3] o.h.type.descriptor.sql.BasicExtractor   : extracted value ([role6_0_] : [VARCHAR]) - [Admin]
2023-05-08 10:57:33.957 TRACE 26869 --- [http-nio-8080-exec-3] o.h.type.descriptor.sql.BasicExtractor   : extracted value ([username7_0_] : [VARCHAR]) - [Massaranduba]
2023-05-08 10:57:33.961  INFO 26869 --- [http-nio-8080-exec-3] c.m.e.e.s.user.UserDetailsServiceImpl    : User 'Massaranduba' authenticated successfully.
2023-05-08 11:11:10.881  WARN 26869 --- [HikariPool-1 housekeeper] com.zaxxer.hikari.pool.HikariPool        : HikariPool-1 - Thread starvation or clock leap detected (housekeeper delta=6m30s261ms).
2023-05-08 11:36:09.983  WARN 26869 --- [HikariPool-1 housekeeper] com.zaxxer.hikari.pool.HikariPool        : HikariPool-1 - Thread starvation or clock leap detected (housekeeper delta=23m29s79ms).
2023-05-08 11:40:11.639  INFO 27014 --- [main] c.m.eventsapp.EventsApplication          : Starting EventsApplication using Java 17.0.7 on mbair.local with PID 27014 (/Users/massari/Documents/Java-Spring/events-app/build/classes/java/main started by massari in /Users/massari/Documents/Java-Spring/events-app)
2023-05-08 11:40:11.640 DEBUG 27014 --- [main] c.m.eventsapp.EventsApplication          : Running with Spring Boot v2.5.5, Spring v5.3.10
2023-05-08 11:40:11.640  INFO 27014 --- [main] c.m.eventsapp.EventsApplication          : No active profile set, falling back to default profiles: default
2023-05-08 11:40:12.206  WARN 27014 --- [main] JpaBaseConfiguration$JpaWebConfiguration : spring.jpa.open-in-view is enabled by default. Therefore, database queries may be performed during view rendering. Explicitly configure spring.jpa.open-in-view to disable this warning
2023-05-08 11:40:12.611 DEBUG 27014 --- [main] org.hibernate.SQL                        : create table app_user (id bigint generated by default as identity, email varchar(255), first_name varchar(255), last_name varchar(255), password varchar(255), role varchar(255), username varchar(255), primary key (id))
2023-05-08 11:40:12.614 DEBUG 27014 --- [main] org.hibernate.SQL                        : create table event (id bigint generated by default as identity, date timestamp, description varchar(255), name varchar(255), host_id bigint, region_id bigint, primary key (id))
2023-05-08 11:40:12.615 DEBUG 27014 --- [main] org.hibernate.SQL                        : create table event_cohosts (event_id bigint not null, cohost_id bigint not null, primary key (event_id, cohost_id))
2023-05-08 11:40:12.616 DEBUG 27014 --- [main] org.hibernate.SQL                        : create table region (id bigint generated by default as identity, name varchar(255), primary key (id))
2023-05-08 11:40:12.616 DEBUG 27014 --- [main] org.hibernate.SQL                        : alter table app_user drop constraint if exists UK_1j9d9a06i600gd43uu3km82jw
2023-05-08 11:40:12.616 DEBUG 27014 --- [main] org.hibernate.SQL                        : alter table app_user add constraint UK_1j9d9a06i600gd43uu3km82jw unique (email)
2023-05-08 11:40:12.617 DEBUG 27014 --- [main] org.hibernate.SQL                        : alter table event add constraint FKmqy1hlt55grwopt2j3adk3pht foreign key (host_id) references app_user
2023-05-08 11:40:12.618 DEBUG 27014 --- [main] org.hibernate.SQL                        : alter table event add constraint FKjo3inaua6ckdrr2qeehh9225v foreign key (region_id) references region
2023-05-08 11:40:12.618 DEBUG 27014 --- [main] org.hibernate.SQL                        : alter table event_cohosts add constraint FKjqpaw1oqoas11pjb1ans6yw32 foreign key (cohost_id) references app_user
2023-05-08 11:40:12.619 DEBUG 27014 --- [main] org.hibernate.SQL                        : alter table event_cohosts add constraint FK45cmrifg6nptear5bugp1otli foreign key (event_id) references event
2023-05-08 11:40:12.778 DEBUG 27014 --- [main] c.m.e.e.s.JwtAuthenticationFilter        : Filter 'jwtAuthenticationFilter' configured for use
2023-05-08 11:40:12.988  INFO 27014 --- [main] c.m.eventsapp.EventsApplication          : Started EventsApplication in 1.473 seconds (JVM running for 1.837)
2023-05-08 11:40:32.382 ERROR 27014 --- [http-nio-8080-exec-1] c.m.e.e.s.JwtAuthenticationFilter        : Invalid JWT token

io.jsonwebtoken.MalformedJwtException: JWT strings must contain exactly 2 period characters. Found: 0
	at io.jsonwebtoken.impl.DefaultJwtParser.parse(DefaultJwtParser.java:235) ~[jjwt-0.9.1.jar:0.9.1]
	at io.jsonwebtoken.impl.DefaultJwtParser.parse(DefaultJwtParser.java:481) ~[jjwt-0.9.1.jar:0.9.1]
	at io.jsonwebtoken.impl.DefaultJwtParser.parseClaimsJws(DefaultJwtParser.java:541) ~[jjwt-0.9.1.jar:0.9.1]
	at com.massaricompany.eventsapp.events.security.JwtAuthenticationFilter.validateToken(JwtAuthenticationFilter.java:99) ~[main/:na]
	at com.massaricompany.eventsapp.events.security.JwtAuthenticationFilter.doFilterInternal(JwtAuthenticationFilter.java:56) ~[main/:na]
	at org.springframework.web.filter.OncePerRequestFilter.doFilter(OncePerRequestFilter.java:119) ~[spring-web-5.3.10.jar:5.3.10]
	at org.apache.catalina.core.ApplicationFilterChain.internalDoFilter(ApplicationFilterChain.java:189) ~[tomcat-embed-core-9.0.53.jar:9.0.53]
	at org.apache.catalina.core.ApplicationFilterChain.doFilter(ApplicationFilterChain.java:162) ~[tomcat-embed-core-9.0.53.jar:9.0.53]
	at org.springframework.security.web.FilterChainProxy$VirtualFilterChain.doFilter(FilterChainProxy.java:327) ~[spring-security-web-5.5.2.jar:5.5.2]
	at org.springframework.security.web.access.intercept.FilterSecurityInterceptor.invoke(FilterSecurityInterceptor.java:115) ~[spring-security-web-5.5.2.jar:5.5.2]
	at org.springframework.security.web.access.intercept.FilterSecurityInterceptor.doFilter(FilterSecurityInterceptor.java:81) ~[spring-security-web-5.5.2.jar:5.5.2]
	at org.springframework.security.web.FilterChainProxy$VirtualFilterChain.doFilter(FilterChainProxy.java:336) ~[spring-security-web-5.5.2.jar:5.5.2]
	at org.springframework.security.web.access.ExceptionTranslationFilter.doFilter(ExceptionTranslationFilter.java:121) ~[spring-security-web-5.5.2.jar:5.5.2]
	at org.springframework.security.web.access.ExceptionTranslationFilter.doFilter(ExceptionTranslationFilter.java:115) ~[spring-security-web-5.5.2.jar:5.5.2]
	at org.springframework.security.web.FilterChainProxy$VirtualFilterChain.doFilter(FilterChainProxy.java:336) ~[spring-security-web-5.5.2.jar:5.5.2]
	at org.springframework.security.web.session.SessionManagementFilter.doFilter(SessionManagementFilter.java:126) ~[spring-security-web-5.5.2.jar:5.5.2]
	at org.springframework.security.web.session.SessionManagementFilter.doFilter(SessionManagementFilter.java:81) ~[spring-security-web-5.5.2.jar:5.5.2]
	at org.springframework.security.web.FilterChainProxy$VirtualFilterChain.doFilter(FilterChainProxy.java:336) ~[spring-security-web-5.5.2.jar:5.5.2]
	at org.springframework.security.web.authentication.AnonymousAuthenticationFilter.doFilter(AnonymousAuthenticationFilter.java:105) ~[spring-security-web-5.5.2.jar:5.5.2]
	at org.springframework.security.web.FilterChainProxy$VirtualFilterChain.doFilter(FilterChainProxy.java:336) ~[spring-security-web-5.5.2.jar:5.5.2]
	at org.springframework.security.web.servletapi.SecurityContextHolderAwareRequestFilter.doFilter(SecurityContextHolderAwareRequestFilter.java:149) ~[spring-security-web-5.5.2.jar:5.5.2]
	at org.springframework.security.web.FilterChainProxy$VirtualFilterChain.doFilter(FilterChainProxy.java:336) ~[spring-security-web-5.5.2.jar:5.5.2]
	at org.springframework.security.web.savedrequest.RequestCacheAwareFilter.doFilter(RequestCacheAwareFilter.java:63) ~[spring-security-web-5.5.2.jar:5.5.2]
	at org.springframework.security.web.FilterChainProxy$VirtualFilterChain.doFilter(FilterChainProxy.java:336) ~[spring-security-web-5.5.2.jar:5.5.2]
	at org.springframework.security.web.authentication.logout.LogoutFilter.doFilter(LogoutFilter.java:103) ~[spring-security-web-5.5.2.jar:5.5.2]
	at org.springframework.security.web.authentication.logout.LogoutFilter.doFilter(LogoutFilter.java:89) ~[spring-security-web-5.5.2.jar:5.5.2]
	at org.springframework.security.web.FilterChainProxy$VirtualFilterChain.doFilter(FilterChainProxy.java:336) ~[spring-security-web-5.5.2.jar:5.5.2]
	at org.springframework.security.web.header.HeaderWriterFilter.doHeadersAfter(HeaderWriterFilter.java:90) ~[spring-security-web-5.5.2.jar:5.5.2]
	at org.springframework.security.web.header.HeaderWriterFilter.doFilterInternal(HeaderWriterFilter.java:75) ~[spring-security-web-5.5.2.jar:5.5.2]
	at org.springframework.web.filter.OncePerRequestFilter.doFilter(OncePerRequestFilter.java:119) ~[spring-web-5.3.10.jar:5.3.10]
	at org.springframework.security.web.FilterChainProxy$VirtualFilterChain.doFilter(FilterChainProxy.java:336) ~[spring-security-web-5.5.2.jar:5.5.2]
	at org.springframework.security.web.context.SecurityContextPersistenceFilter.doFilter(SecurityContextPersistenceFilter.java:110) ~[spring-security-web-5.5.2.jar:5.5.2]
	at org.springframework.security.web.context.SecurityContextPersistenceFilter.doFilter(SecurityContextPersistenceFilter.java:80) ~[spring-security-web-5.5.2.jar:5.5.2]
	at org.springframework.security.web.FilterChainProxy$VirtualFilterChain.doFilter(FilterChainProxy.java:336) ~[spring-security-web-5.5.2.jar:5.5.2]
	at org.springframework.security.web.context.request.async.WebAsyncManagerIntegrationFilter.doFilterInternal(WebAsyncManagerIntegrationFilter.java:55) ~[spring-security-web-5.5.2.jar:5.5.2]
	at org.springframework.web.filter.OncePerRequestFilter.doFilter(OncePerRequestFilter.java:119) ~[spring-web-5.3.10.jar:5.3.10]
	at org.springframework.security.web.FilterChainProxy$VirtualFilterChain.doFilter(FilterChainProxy.java:336) ~[spring-security-web-5.5.2.jar:5.5.2]
	at org.springframework.security.web.FilterChainProxy.doFilterInternal(FilterChainProxy.java:211) ~[spring-security-web-5.5.2.jar:5.5.2]
	at org.springframework.security.web.FilterChainProxy.doFilter(FilterChainProxy.java:183) ~[spring-security-web-5.5.2.jar:5.5.2]
	at org.springframework.web.filter.DelegatingFilterProxy.invokeDelegate(DelegatingFilterProxy.java:358) ~[spring-web-5.3.10.jar:5.3.10]
	at org.springframework.web.filter.DelegatingFilterProxy.doFilter(DelegatingFilterProxy.java:271) ~[spring-web-5.3.10.jar:5.3.10]
	at org.apache.catalina.core.ApplicationFilterChain.internalDoFilter(ApplicationFilterChain.java:189) ~[tomcat-embed-core-9.0.53.jar:9.0.53]
	at org.apache.catalina.core.ApplicationFilterChain.doFilter(ApplicationFilterChain.java:162) ~[tomcat-embed-core-9.0.53.jar:9.0.53]
	at org.springframework.web.filter.RequestContextFilter.doFilterInternal(RequestContextFilter.java:100) ~[spring-web-5.3.10.jar:5.3.10]
	at org.springframework.web.filter.OncePerRequestFilter.doFilter(OncePerRequestFilter.java:119) ~[spring-web-5.3.10.jar:5.3.10]
	at org.apache.catalina.core.ApplicationFilterChain.internalDoFilter(ApplicationFilterChain.java:189) ~[tomcat-embed-core-9.0.53.jar:9.0.53]
	at org.apache.catalina.core.ApplicationFilterChain.doFilter(ApplicationFilterChain.java:162) ~[tomcat-embed-core-9.0.53.jar:9.0.53]
	at org.springframework.web.filter.FormContentFilter.doFilterInternal(FormContentFilter.java:93) ~[spring-web-5.3.10.jar:5.3.10]
	at org.springframework.web.filter.OncePerRequestFilter.doFilter(OncePerRequestFilter.java:119) ~[spring-web-5.3.10.jar:5.3.10]
	at org.apache.catalina.core.ApplicationFilterChain.internalDoFilter(ApplicationFilterChain.java:189) ~[tomcat-embed-core-9.0.53.jar:9.0.53]
	at org.apache.catalina.core.ApplicationFilterChain.doFilter(ApplicationFilterChain.java:162) ~[tomcat-embed-core-9.0.53.jar:9.0.53]
	at org.springframework.web.filter.CharacterEncodingFilter.doFilterInternal(CharacterEncodingFilter.java:201) ~[spring-web-5.3.10.jar:5.3.10]
	at org.springframework.web.filter.OncePerRequestFilter.doFilter(OncePerRequestFilter.java:119) ~[spring-web-5.3.10.jar:5.3.10]
	at org.apache.catalina.core.ApplicationFilterChain.internalDoFilter(ApplicationFilterChain.java:189) ~[tomcat-embed-core-9.0.53.jar:9.0.53]
	at org.apache.catalina.core.ApplicationFilterChain.doFilter(ApplicationFilterChain.java:162) ~[tomcat-embed-core-9.0.53.jar:9.0.53]
	at org.apache.catalina.core.StandardWrapperValve.invoke(StandardWrapperValve.java:197) ~[tomcat-embed-core-9.0.53.jar:9.0.53]
	at org.apache.catalina.core.StandardContextValve.invoke(StandardContextValve.java:97) ~[tomcat-embed-core-9.0.53.jar:9.0.53]
	at org.apache.catalina.authenticator.AuthenticatorBase.invoke(AuthenticatorBase.java:540) ~[tomcat-embed-core-9.0.53.jar:9.0.53]
	at org.apache.catalina.core.StandardHostValve.invoke(StandardHostValve.java:135) ~[tomcat-embed-core-9.0.53.jar:9.0.53]
	at org.apache.catalina.valves.ErrorReportValve.invoke(ErrorReportValve.java:92) ~[tomcat-embed-core-9.0.53.jar:9.0.53]
	at org.apache.catalina.core.StandardEngineValve.invoke(StandardEngineValve.java:78) ~[tomcat-embed-core-9.0.53.jar:9.0.53]
	at org.apache.catalina.connector.CoyoteAdapter.service(CoyoteAdapter.java:357) ~[tomcat-embed-core-9.0.53.jar:9.0.53]
	at org.apache.coyote.http11.Http11Processor.service(Http11Processor.java:382) ~[tomcat-embed-core-9.0.53.jar:9.0.53]
	at org.apache.coyote.AbstractProcessorLight.process(AbstractProcessorLight.java:65) ~[tomcat-embed-core-9.0.53.jar:9.0.53]
	at org.apache.coyote.AbstractProtocol$ConnectionHandler.process(AbstractProtocol.java:893) ~[tomcat-embed-core-9.0.53.jar:9.0.53]
	at org.apache.tomcat.util.net.NioEndpoint$SocketProcessor.doRun(NioEndpoint.java:1726) ~[tomcat-embed-core-9.0.53.jar:9.0.53]
	at org.apache.tomcat.util.net.SocketProcessorBase.run(SocketProcessorBase.java:49) ~[tomcat-embed-core-9.0.53.jar:9.0.53]
	at org.apache.tomcat.util.threads.ThreadPoolExecutor.runWorker(ThreadPoolExecutor.java:1191) ~[tomcat-embed-core-9.0.53.jar:9.0.53]
	at org.apache.tomcat.util.threads.ThreadPoolExecutor$Worker.run(ThreadPoolExecutor.java:659) ~[tomcat-embed-core-9.0.53.jar:9.0.53]
	at org.apache.tomcat.util.threads.TaskThread$WrappingRunnable.run(TaskThread.java:61) ~[tomcat-embed-core-9.0.53.jar:9.0.53]
	at java.base/java.lang.Thread.run(Thread.java:833) ~[na:na]

2023-05-08 11:40:32.513 DEBUG 27014 --- [http-nio-8080-exec-1] org.hibernate.SQL                        : insert into app_user (id, email, first_name, last_name, password, role, username) values (null, ?, ?, ?, ?, ?, ?)
2023-05-08 11:40:32.514 TRACE 27014 --- [http-nio-8080-exec-1] o.h.type.descriptor.sql.BasicBinder      : binding parameter [1] as [VARCHAR] - [massari@email.com]
2023-05-08 11:40:32.514 TRACE 27014 --- [http-nio-8080-exec-1] o.h.type.descriptor.sql.BasicBinder      : binding parameter [2] as [VARCHAR] - [Test]
2023-05-08 11:40:32.514 TRACE 27014 --- [http-nio-8080-exec-1] o.h.type.descriptor.sql.BasicBinder      : binding parameter [3] as [VARCHAR] - [User]
2023-05-08 11:40:32.514 TRACE 27014 --- [http-nio-8080-exec-1] o.h.type.descriptor.sql.BasicBinder      : binding parameter [4] as [VARCHAR] - [$2a$10$SG7JAwaLWL5CX74NWyQ9bOkaXmfHMfXs/NcEKnjv9bitd3YffHd4a]
2023-05-08 11:40:32.514 TRACE 27014 --- [http-nio-8080-exec-1] o.h.type.descriptor.sql.BasicBinder      : binding parameter [5] as [VARCHAR] - [Admin]
2023-05-08 11:40:32.514 TRACE 27014 --- [http-nio-8080-exec-1] o.h.type.descriptor.sql.BasicBinder      : binding parameter [6] as [VARCHAR] - [Massaranduba]
2023-05-08 11:40:38.529 DEBUG 27014 --- [http-nio-8080-exec-2] org.hibernate.SQL                        : select user0_.id as id1_0_, user0_.email as email2_0_, user0_.first_name as first_na3_0_, user0_.last_name as last_nam4_0_, user0_.password as password5_0_, user0_.role as role6_0_, user0_.username as username7_0_ from app_user user0_ where user0_.username=?
2023-05-08 11:40:38.529 TRACE 27014 --- [http-nio-8080-exec-2] o.h.type.descriptor.sql.BasicBinder      : binding parameter [1] as [VARCHAR] - [Massaranduba]
2023-05-08 11:40:38.530 TRACE 27014 --- [http-nio-8080-exec-2] o.h.type.descriptor.sql.BasicExtractor   : extracted value ([id1_0_] : [BIGINT]) - [6]
2023-05-08 11:40:38.531 TRACE 27014 --- [http-nio-8080-exec-2] o.h.type.descriptor.sql.BasicExtractor   : extracted value ([email2_0_] : [VARCHAR]) - [massari@email.com]
2023-05-08 11:40:38.531 TRACE 27014 --- [http-nio-8080-exec-2] o.h.type.descriptor.sql.BasicExtractor   : extracted value ([first_na3_0_] : [VARCHAR]) - [Test]
2023-05-08 11:40:38.531 TRACE 27014 --- [http-nio-8080-exec-2] o.h.type.descriptor.sql.BasicExtractor   : extracted value ([last_nam4_0_] : [VARCHAR]) - [User]
2023-05-08 11:40:38.531 TRACE 27014 --- [http-nio-8080-exec-2] o.h.type.descriptor.sql.BasicExtractor   : extracted value ([password5_0_] : [VARCHAR]) - [$2a$10$SG7JAwaLWL5CX74NWyQ9bOkaXmfHMfXs/NcEKnjv9bitd3YffHd4a]
2023-05-08 11:40:38.531 TRACE 27014 --- [http-nio-8080-exec-2] o.h.type.descriptor.sql.BasicExtractor   : extracted value ([role6_0_] : [VARCHAR]) - [Admin]
2023-05-08 11:40:38.531 TRACE 27014 --- [http-nio-8080-exec-2] o.h.type.descriptor.sql.BasicExtractor   : extracted value ([username7_0_] : [VARCHAR]) - [Massaranduba]
2023-05-08 11:40:38.534  INFO 27014 --- [http-nio-8080-exec-2] c.m.e.e.s.user.UserDetailsServiceImpl    : User 'Massaranduba' authenticated successfully.
2023-05-08 11:42:42.376  INFO 27058 --- [main] c.m.eventsapp.EventsApplication          : Starting EventsApplication using Java 17.0.7 on mbair.local with PID 27058 (/Users/massari/Documents/Java-Spring/events-app/build/classes/java/main started by massari in /Users/massari/Documents/Java-Spring/events-app)
2023-05-08 11:42:42.377 DEBUG 27058 --- [main] c.m.eventsapp.EventsApplication          : Running with Spring Boot v2.5.5, Spring v5.3.10
2023-05-08 11:42:42.377  INFO 27058 --- [main] c.m.eventsapp.EventsApplication          : No active profile set, falling back to default profiles: default
2023-05-08 11:42:42.967  WARN 27058 --- [main] JpaBaseConfiguration$JpaWebConfiguration : spring.jpa.open-in-view is enabled by default. Therefore, database queries may be performed during view rendering. Explicitly configure spring.jpa.open-in-view to disable this warning
2023-05-08 11:42:43.369 DEBUG 27058 --- [main] org.hibernate.SQL                        : create table app_user (id bigint generated by default as identity, email varchar(255), first_name varchar(255), last_name varchar(255), password varchar(255), role varchar(255), username varchar(255), primary key (id))
2023-05-08 11:42:43.373 DEBUG 27058 --- [main] org.hibernate.SQL                        : create table event (id bigint generated by default as identity, date timestamp, description varchar(255), name varchar(255), host_id bigint, region_id bigint, primary key (id))
2023-05-08 11:42:43.373 DEBUG 27058 --- [main] org.hibernate.SQL                        : create table event_cohosts (event_id bigint not null, cohost_id bigint not null, primary key (event_id, cohost_id))
2023-05-08 11:42:43.374 DEBUG 27058 --- [main] org.hibernate.SQL                        : create table region (id bigint generated by default as identity, name varchar(255), primary key (id))
2023-05-08 11:42:43.375 DEBUG 27058 --- [main] org.hibernate.SQL                        : alter table app_user drop constraint if exists UK_1j9d9a06i600gd43uu3km82jw
2023-05-08 11:42:43.375 DEBUG 27058 --- [main] org.hibernate.SQL                        : alter table app_user add constraint UK_1j9d9a06i600gd43uu3km82jw unique (email)
2023-05-08 11:42:43.375 DEBUG 27058 --- [main] org.hibernate.SQL                        : alter table event add constraint FKmqy1hlt55grwopt2j3adk3pht foreign key (host_id) references app_user
2023-05-08 11:42:43.376 DEBUG 27058 --- [main] org.hibernate.SQL                        : alter table event add constraint FKjo3inaua6ckdrr2qeehh9225v foreign key (region_id) references region
2023-05-08 11:42:43.377 DEBUG 27058 --- [main] org.hibernate.SQL                        : alter table event_cohosts add constraint FKjqpaw1oqoas11pjb1ans6yw32 foreign key (cohost_id) references app_user
2023-05-08 11:42:43.377 DEBUG 27058 --- [main] org.hibernate.SQL                        : alter table event_cohosts add constraint FK45cmrifg6nptear5bugp1otli foreign key (event_id) references event
2023-05-08 11:42:43.533 DEBUG 27058 --- [main] c.m.e.e.s.JwtAuthenticationFilter        : Filter 'jwtAuthenticationFilter' configured for use
2023-05-08 11:42:43.743  INFO 27058 --- [main] c.m.eventsapp.EventsApplication          : Started EventsApplication in 1.491 seconds (JVM running for 1.845)
2023-05-08 11:42:48.195 ERROR 27058 --- [http-nio-8080-exec-1] c.m.e.e.s.JwtAuthenticationFilter        : Invalid JWT token

io.jsonwebtoken.MalformedJwtException: JWT strings must contain exactly 2 period characters. Found: 0
	at io.jsonwebtoken.impl.DefaultJwtParser.parse(DefaultJwtParser.java:235) ~[jjwt-0.9.1.jar:0.9.1]
	at io.jsonwebtoken.impl.DefaultJwtParser.parse(DefaultJwtParser.java:481) ~[jjwt-0.9.1.jar:0.9.1]
	at io.jsonwebtoken.impl.DefaultJwtParser.parseClaimsJws(DefaultJwtParser.java:541) ~[jjwt-0.9.1.jar:0.9.1]
	at com.massaricompany.eventsapp.events.security.JwtAuthenticationFilter.validateToken(JwtAuthenticationFilter.java:90) ~[main/:na]
	at com.massaricompany.eventsapp.events.security.JwtAuthenticationFilter.doFilterInternal(JwtAuthenticationFilter.java:54) ~[main/:na]
	at org.springframework.web.filter.OncePerRequestFilter.doFilter(OncePerRequestFilter.java:119) ~[spring-web-5.3.10.jar:5.3.10]
	at org.apache.catalina.core.ApplicationFilterChain.internalDoFilter(ApplicationFilterChain.java:189) ~[tomcat-embed-core-9.0.53.jar:9.0.53]
	at org.apache.catalina.core.ApplicationFilterChain.doFilter(ApplicationFilterChain.java:162) ~[tomcat-embed-core-9.0.53.jar:9.0.53]
	at org.springframework.security.web.FilterChainProxy$VirtualFilterChain.doFilter(FilterChainProxy.java:327) ~[spring-security-web-5.5.2.jar:5.5.2]
	at org.springframework.security.web.access.intercept.FilterSecurityInterceptor.invoke(FilterSecurityInterceptor.java:115) ~[spring-security-web-5.5.2.jar:5.5.2]
	at org.springframework.security.web.access.intercept.FilterSecurityInterceptor.doFilter(FilterSecurityInterceptor.java:81) ~[spring-security-web-5.5.2.jar:5.5.2]
	at org.springframework.security.web.FilterChainProxy$VirtualFilterChain.doFilter(FilterChainProxy.java:336) ~[spring-security-web-5.5.2.jar:5.5.2]
	at org.springframework.security.web.access.ExceptionTranslationFilter.doFilter(ExceptionTranslationFilter.java:121) ~[spring-security-web-5.5.2.jar:5.5.2]
	at org.springframework.security.web.access.ExceptionTranslationFilter.doFilter(ExceptionTranslationFilter.java:115) ~[spring-security-web-5.5.2.jar:5.5.2]
	at org.springframework.security.web.FilterChainProxy$VirtualFilterChain.doFilter(FilterChainProxy.java:336) ~[spring-security-web-5.5.2.jar:5.5.2]
	at org.springframework.security.web.session.SessionManagementFilter.doFilter(SessionManagementFilter.java:126) ~[spring-security-web-5.5.2.jar:5.5.2]
	at org.springframework.security.web.session.SessionManagementFilter.doFilter(SessionManagementFilter.java:81) ~[spring-security-web-5.5.2.jar:5.5.2]
	at org.springframework.security.web.FilterChainProxy$VirtualFilterChain.doFilter(FilterChainProxy.java:336) ~[spring-security-web-5.5.2.jar:5.5.2]
	at org.springframework.security.web.authentication.AnonymousAuthenticationFilter.doFilter(AnonymousAuthenticationFilter.java:105) ~[spring-security-web-5.5.2.jar:5.5.2]
	at org.springframework.security.web.FilterChainProxy$VirtualFilterChain.doFilter(FilterChainProxy.java:336) ~[spring-security-web-5.5.2.jar:5.5.2]
	at org.springframework.security.web.servletapi.SecurityContextHolderAwareRequestFilter.doFilter(SecurityContextHolderAwareRequestFilter.java:149) ~[spring-security-web-5.5.2.jar:5.5.2]
	at org.springframework.security.web.FilterChainProxy$VirtualFilterChain.doFilter(FilterChainProxy.java:336) ~[spring-security-web-5.5.2.jar:5.5.2]
	at org.springframework.security.web.savedrequest.RequestCacheAwareFilter.doFilter(RequestCacheAwareFilter.java:63) ~[spring-security-web-5.5.2.jar:5.5.2]
	at org.springframework.security.web.FilterChainProxy$VirtualFilterChain.doFilter(FilterChainProxy.java:336) ~[spring-security-web-5.5.2.jar:5.5.2]
	at org.springframework.security.web.authentication.logout.LogoutFilter.doFilter(LogoutFilter.java:103) ~[spring-security-web-5.5.2.jar:5.5.2]
	at org.springframework.security.web.authentication.logout.LogoutFilter.doFilter(LogoutFilter.java:89) ~[spring-security-web-5.5.2.jar:5.5.2]
	at org.springframework.security.web.FilterChainProxy$VirtualFilterChain.doFilter(FilterChainProxy.java:336) ~[spring-security-web-5.5.2.jar:5.5.2]
	at org.springframework.security.web.header.HeaderWriterFilter.doHeadersAfter(HeaderWriterFilter.java:90) ~[spring-security-web-5.5.2.jar:5.5.2]
	at org.springframework.security.web.header.HeaderWriterFilter.doFilterInternal(HeaderWriterFilter.java:75) ~[spring-security-web-5.5.2.jar:5.5.2]
	at org.springframework.web.filter.OncePerRequestFilter.doFilter(OncePerRequestFilter.java:119) ~[spring-web-5.3.10.jar:5.3.10]
	at org.springframework.security.web.FilterChainProxy$VirtualFilterChain.doFilter(FilterChainProxy.java:336) ~[spring-security-web-5.5.2.jar:5.5.2]
	at org.springframework.security.web.context.SecurityContextPersistenceFilter.doFilter(SecurityContextPersistenceFilter.java:110) ~[spring-security-web-5.5.2.jar:5.5.2]
	at org.springframework.security.web.context.SecurityContextPersistenceFilter.doFilter(SecurityContextPersistenceFilter.java:80) ~[spring-security-web-5.5.2.jar:5.5.2]
	at org.springframework.security.web.FilterChainProxy$VirtualFilterChain.doFilter(FilterChainProxy.java:336) ~[spring-security-web-5.5.2.jar:5.5.2]
	at org.springframework.security.web.context.request.async.WebAsyncManagerIntegrationFilter.doFilterInternal(WebAsyncManagerIntegrationFilter.java:55) ~[spring-security-web-5.5.2.jar:5.5.2]
	at org.springframework.web.filter.OncePerRequestFilter.doFilter(OncePerRequestFilter.java:119) ~[spring-web-5.3.10.jar:5.3.10]
	at org.springframework.security.web.FilterChainProxy$VirtualFilterChain.doFilter(FilterChainProxy.java:336) ~[spring-security-web-5.5.2.jar:5.5.2]
	at org.springframework.security.web.FilterChainProxy.doFilterInternal(FilterChainProxy.java:211) ~[spring-security-web-5.5.2.jar:5.5.2]
	at org.springframework.security.web.FilterChainProxy.doFilter(FilterChainProxy.java:183) ~[spring-security-web-5.5.2.jar:5.5.2]
	at org.springframework.web.filter.DelegatingFilterProxy.invokeDelegate(DelegatingFilterProxy.java:358) ~[spring-web-5.3.10.jar:5.3.10]
	at org.springframework.web.filter.DelegatingFilterProxy.doFilter(DelegatingFilterProxy.java:271) ~[spring-web-5.3.10.jar:5.3.10]
	at org.apache.catalina.core.ApplicationFilterChain.internalDoFilter(ApplicationFilterChain.java:189) ~[tomcat-embed-core-9.0.53.jar:9.0.53]
	at org.apache.catalina.core.ApplicationFilterChain.doFilter(ApplicationFilterChain.java:162) ~[tomcat-embed-core-9.0.53.jar:9.0.53]
	at org.springframework.web.filter.RequestContextFilter.doFilterInternal(RequestContextFilter.java:100) ~[spring-web-5.3.10.jar:5.3.10]
	at org.springframework.web.filter.OncePerRequestFilter.doFilter(OncePerRequestFilter.java:119) ~[spring-web-5.3.10.jar:5.3.10]
	at org.apache.catalina.core.ApplicationFilterChain.internalDoFilter(ApplicationFilterChain.java:189) ~[tomcat-embed-core-9.0.53.jar:9.0.53]
	at org.apache.catalina.core.ApplicationFilterChain.doFilter(ApplicationFilterChain.java:162) ~[tomcat-embed-core-9.0.53.jar:9.0.53]
	at org.springframework.web.filter.FormContentFilter.doFilterInternal(FormContentFilter.java:93) ~[spring-web-5.3.10.jar:5.3.10]
	at org.springframework.web.filter.OncePerRequestFilter.doFilter(OncePerRequestFilter.java:119) ~[spring-web-5.3.10.jar:5.3.10]
	at org.apache.catalina.core.ApplicationFilterChain.internalDoFilter(ApplicationFilterChain.java:189) ~[tomcat-embed-core-9.0.53.jar:9.0.53]
	at org.apache.catalina.core.ApplicationFilterChain.doFilter(ApplicationFilterChain.java:162) ~[tomcat-embed-core-9.0.53.jar:9.0.53]
	at org.springframework.web.filter.CharacterEncodingFilter.doFilterInternal(CharacterEncodingFilter.java:201) ~[spring-web-5.3.10.jar:5.3.10]
	at org.springframework.web.filter.OncePerRequestFilter.doFilter(OncePerRequestFilter.java:119) ~[spring-web-5.3.10.jar:5.3.10]
	at org.apache.catalina.core.ApplicationFilterChain.internalDoFilter(ApplicationFilterChain.java:189) ~[tomcat-embed-core-9.0.53.jar:9.0.53]
	at org.apache.catalina.core.ApplicationFilterChain.doFilter(ApplicationFilterChain.java:162) ~[tomcat-embed-core-9.0.53.jar:9.0.53]
	at org.apache.catalina.core.StandardWrapperValve.invoke(StandardWrapperValve.java:197) ~[tomcat-embed-core-9.0.53.jar:9.0.53]
	at org.apache.catalina.core.StandardContextValve.invoke(StandardContextValve.java:97) ~[tomcat-embed-core-9.0.53.jar:9.0.53]
	at org.apache.catalina.authenticator.AuthenticatorBase.invoke(AuthenticatorBase.java:540) ~[tomcat-embed-core-9.0.53.jar:9.0.53]
	at org.apache.catalina.core.StandardHostValve.invoke(StandardHostValve.java:135) ~[tomcat-embed-core-9.0.53.jar:9.0.53]
	at org.apache.catalina.valves.ErrorReportValve.invoke(ErrorReportValve.java:92) ~[tomcat-embed-core-9.0.53.jar:9.0.53]
	at org.apache.catalina.core.StandardEngineValve.invoke(StandardEngineValve.java:78) ~[tomcat-embed-core-9.0.53.jar:9.0.53]
	at org.apache.catalina.connector.CoyoteAdapter.service(CoyoteAdapter.java:357) ~[tomcat-embed-core-9.0.53.jar:9.0.53]
	at org.apache.coyote.http11.Http11Processor.service(Http11Processor.java:382) ~[tomcat-embed-core-9.0.53.jar:9.0.53]
	at org.apache.coyote.AbstractProcessorLight.process(AbstractProcessorLight.java:65) ~[tomcat-embed-core-9.0.53.jar:9.0.53]
	at org.apache.coyote.AbstractProtocol$ConnectionHandler.process(AbstractProtocol.java:893) ~[tomcat-embed-core-9.0.53.jar:9.0.53]
	at org.apache.tomcat.util.net.NioEndpoint$SocketProcessor.doRun(NioEndpoint.java:1726) ~[tomcat-embed-core-9.0.53.jar:9.0.53]
	at org.apache.tomcat.util.net.SocketProcessorBase.run(SocketProcessorBase.java:49) ~[tomcat-embed-core-9.0.53.jar:9.0.53]
	at org.apache.tomcat.util.threads.ThreadPoolExecutor.runWorker(ThreadPoolExecutor.java:1191) ~[tomcat-embed-core-9.0.53.jar:9.0.53]
	at org.apache.tomcat.util.threads.ThreadPoolExecutor$Worker.run(ThreadPoolExecutor.java:659) ~[tomcat-embed-core-9.0.53.jar:9.0.53]
	at org.apache.tomcat.util.threads.TaskThread$WrappingRunnable.run(TaskThread.java:61) ~[tomcat-embed-core-9.0.53.jar:9.0.53]
	at java.base/java.lang.Thread.run(Thread.java:833) ~[na:na]

2023-05-08 11:42:48.327 DEBUG 27058 --- [http-nio-8080-exec-1] org.hibernate.SQL                        : insert into app_user (id, email, first_name, last_name, password, role, username) values (null, ?, ?, ?, ?, ?, ?)
2023-05-08 11:42:48.329 TRACE 27058 --- [http-nio-8080-exec-1] o.h.type.descriptor.sql.BasicBinder      : binding parameter [1] as [VARCHAR] - [massari@email.com]
2023-05-08 11:42:48.329 TRACE 27058 --- [http-nio-8080-exec-1] o.h.type.descriptor.sql.BasicBinder      : binding parameter [2] as [VARCHAR] - [Test]
2023-05-08 11:42:48.329 TRACE 27058 --- [http-nio-8080-exec-1] o.h.type.descriptor.sql.BasicBinder      : binding parameter [3] as [VARCHAR] - [User]
2023-05-08 11:42:48.329 TRACE 27058 --- [http-nio-8080-exec-1] o.h.type.descriptor.sql.BasicBinder      : binding parameter [4] as [VARCHAR] - [$2a$10$fI05Z4BPWDBttafh9AHZWeeRd2zMhxysw54pbb6AcvVJd2HUGUtC6]
2023-05-08 11:42:48.329 TRACE 27058 --- [http-nio-8080-exec-1] o.h.type.descriptor.sql.BasicBinder      : binding parameter [5] as [VARCHAR] - [Admin]
2023-05-08 11:42:48.329 TRACE 27058 --- [http-nio-8080-exec-1] o.h.type.descriptor.sql.BasicBinder      : binding parameter [6] as [VARCHAR] - [Massaranduba]
2023-05-08 11:42:50.973 DEBUG 27058 --- [http-nio-8080-exec-2] org.hibernate.SQL                        : select user0_.id as id1_0_, user0_.email as email2_0_, user0_.first_name as first_na3_0_, user0_.last_name as last_nam4_0_, user0_.password as password5_0_, user0_.role as role6_0_, user0_.username as username7_0_ from app_user user0_ where user0_.username=?
2023-05-08 11:42:50.974 TRACE 27058 --- [http-nio-8080-exec-2] o.h.type.descriptor.sql.BasicBinder      : binding parameter [1] as [VARCHAR] - [Massaranduba]
2023-05-08 11:42:50.974 TRACE 27058 --- [http-nio-8080-exec-2] o.h.type.descriptor.sql.BasicExtractor   : extracted value ([id1_0_] : [BIGINT]) - [6]
2023-05-08 11:42:50.976 TRACE 27058 --- [http-nio-8080-exec-2] o.h.type.descriptor.sql.BasicExtractor   : extracted value ([email2_0_] : [VARCHAR]) - [massari@email.com]
2023-05-08 11:42:50.976 TRACE 27058 --- [http-nio-8080-exec-2] o.h.type.descriptor.sql.BasicExtractor   : extracted value ([first_na3_0_] : [VARCHAR]) - [Test]
2023-05-08 11:42:50.976 TRACE 27058 --- [http-nio-8080-exec-2] o.h.type.descriptor.sql.BasicExtractor   : extracted value ([last_nam4_0_] : [VARCHAR]) - [User]
2023-05-08 11:42:50.976 TRACE 27058 --- [http-nio-8080-exec-2] o.h.type.descriptor.sql.BasicExtractor   : extracted value ([password5_0_] : [VARCHAR]) - [$2a$10$fI05Z4BPWDBttafh9AHZWeeRd2zMhxysw54pbb6AcvVJd2HUGUtC6]
2023-05-08 11:42:50.976 TRACE 27058 --- [http-nio-8080-exec-2] o.h.type.descriptor.sql.BasicExtractor   : extracted value ([role6_0_] : [VARCHAR]) - [Admin]
2023-05-08 11:42:50.976 TRACE 27058 --- [http-nio-8080-exec-2] o.h.type.descriptor.sql.BasicExtractor   : extracted value ([username7_0_] : [VARCHAR]) - [Massaranduba]
2023-05-08 11:42:50.978  INFO 27058 --- [http-nio-8080-exec-2] c.m.e.e.s.user.UserDetailsServiceImpl    : User 'Massaranduba' authenticated successfully.
2023-05-08 11:50:20.280  INFO 27127 --- [main] c.m.eventsapp.EventsApplication          : Starting EventsApplication using Java 17.0.7 on mbair.local with PID 27127 (/Users/massari/Documents/Java-Spring/events-app/build/classes/java/main started by massari in /Users/massari/Documents/Java-Spring/events-app)
2023-05-08 11:50:20.280 DEBUG 27127 --- [main] c.m.eventsapp.EventsApplication          : Running with Spring Boot v2.5.5, Spring v5.3.10
2023-05-08 11:50:20.281  INFO 27127 --- [main] c.m.eventsapp.EventsApplication          : No active profile set, falling back to default profiles: default
2023-05-08 11:50:20.853  WARN 27127 --- [main] JpaBaseConfiguration$JpaWebConfiguration : spring.jpa.open-in-view is enabled by default. Therefore, database queries may be performed during view rendering. Explicitly configure spring.jpa.open-in-view to disable this warning
2023-05-08 11:50:21.252 DEBUG 27127 --- [main] org.hibernate.SQL                        : create table app_user (id bigint generated by default as identity, email varchar(255), first_name varchar(255), last_name varchar(255), password varchar(255), role varchar(255), username varchar(255), primary key (id))
2023-05-08 11:50:21.255 DEBUG 27127 --- [main] org.hibernate.SQL                        : create table event (id bigint generated by default as identity, date timestamp, description varchar(255), name varchar(255), host_id bigint, region_id bigint, primary key (id))
2023-05-08 11:50:21.256 DEBUG 27127 --- [main] org.hibernate.SQL                        : create table event_cohosts (event_id bigint not null, cohost_id bigint not null, primary key (event_id, cohost_id))
2023-05-08 11:50:21.257 DEBUG 27127 --- [main] org.hibernate.SQL                        : create table region (id bigint generated by default as identity, name varchar(255), primary key (id))
2023-05-08 11:50:21.257 DEBUG 27127 --- [main] org.hibernate.SQL                        : alter table app_user drop constraint if exists UK_1j9d9a06i600gd43uu3km82jw
2023-05-08 11:50:21.257 DEBUG 27127 --- [main] org.hibernate.SQL                        : alter table app_user add constraint UK_1j9d9a06i600gd43uu3km82jw unique (email)
2023-05-08 11:50:21.258 DEBUG 27127 --- [main] org.hibernate.SQL                        : alter table event add constraint FKmqy1hlt55grwopt2j3adk3pht foreign key (host_id) references app_user
2023-05-08 11:50:21.259 DEBUG 27127 --- [main] org.hibernate.SQL                        : alter table event add constraint FKjo3inaua6ckdrr2qeehh9225v foreign key (region_id) references region
2023-05-08 11:50:21.259 DEBUG 27127 --- [main] org.hibernate.SQL                        : alter table event_cohosts add constraint FKjqpaw1oqoas11pjb1ans6yw32 foreign key (cohost_id) references app_user
2023-05-08 11:50:21.260 DEBUG 27127 --- [main] org.hibernate.SQL                        : alter table event_cohosts add constraint FK45cmrifg6nptear5bugp1otli foreign key (event_id) references event
2023-05-08 11:50:21.417 DEBUG 27127 --- [main] c.m.e.e.s.JwtAuthenticationFilter        : Filter 'jwtAuthenticationFilter' configured for use
2023-05-08 11:50:21.627  INFO 27127 --- [main] c.m.eventsapp.EventsApplication          : Started EventsApplication in 1.51 seconds (JVM running for 1.864)
2023-05-08 11:50:29.615 ERROR 27127 --- [http-nio-8080-exec-1] c.m.e.e.s.JwtAuthenticationFilter        : Invalid JWT token

io.jsonwebtoken.MalformedJwtException: JWT strings must contain exactly 2 period characters. Found: 0
	at io.jsonwebtoken.impl.DefaultJwtParser.parse(DefaultJwtParser.java:235) ~[jjwt-0.9.1.jar:0.9.1]
	at io.jsonwebtoken.impl.DefaultJwtParser.parse(DefaultJwtParser.java:481) ~[jjwt-0.9.1.jar:0.9.1]
	at io.jsonwebtoken.impl.DefaultJwtParser.parseClaimsJws(DefaultJwtParser.java:541) ~[jjwt-0.9.1.jar:0.9.1]
	at com.massaricompany.eventsapp.events.security.JwtAuthenticationFilter.validateToken(JwtAuthenticationFilter.java:81) ~[main/:na]
	at com.massaricompany.eventsapp.events.security.JwtAuthenticationFilter.doFilterInternal(JwtAuthenticationFilter.java:51) ~[main/:na]
	at org.springframework.web.filter.OncePerRequestFilter.doFilter(OncePerRequestFilter.java:119) ~[spring-web-5.3.10.jar:5.3.10]
	at org.apache.catalina.core.ApplicationFilterChain.internalDoFilter(ApplicationFilterChain.java:189) ~[tomcat-embed-core-9.0.53.jar:9.0.53]
	at org.apache.catalina.core.ApplicationFilterChain.doFilter(ApplicationFilterChain.java:162) ~[tomcat-embed-core-9.0.53.jar:9.0.53]
	at org.springframework.security.web.FilterChainProxy$VirtualFilterChain.doFilter(FilterChainProxy.java:327) ~[spring-security-web-5.5.2.jar:5.5.2]
	at org.springframework.security.web.access.intercept.FilterSecurityInterceptor.invoke(FilterSecurityInterceptor.java:115) ~[spring-security-web-5.5.2.jar:5.5.2]
	at org.springframework.security.web.access.intercept.FilterSecurityInterceptor.doFilter(FilterSecurityInterceptor.java:81) ~[spring-security-web-5.5.2.jar:5.5.2]
	at org.springframework.security.web.FilterChainProxy$VirtualFilterChain.doFilter(FilterChainProxy.java:336) ~[spring-security-web-5.5.2.jar:5.5.2]
	at org.springframework.security.web.access.ExceptionTranslationFilter.doFilter(ExceptionTranslationFilter.java:121) ~[spring-security-web-5.5.2.jar:5.5.2]
	at org.springframework.security.web.access.ExceptionTranslationFilter.doFilter(ExceptionTranslationFilter.java:115) ~[spring-security-web-5.5.2.jar:5.5.2]
	at org.springframework.security.web.FilterChainProxy$VirtualFilterChain.doFilter(FilterChainProxy.java:336) ~[spring-security-web-5.5.2.jar:5.5.2]
	at org.springframework.security.web.session.SessionManagementFilter.doFilter(SessionManagementFilter.java:126) ~[spring-security-web-5.5.2.jar:5.5.2]
	at org.springframework.security.web.session.SessionManagementFilter.doFilter(SessionManagementFilter.java:81) ~[spring-security-web-5.5.2.jar:5.5.2]
	at org.springframework.security.web.FilterChainProxy$VirtualFilterChain.doFilter(FilterChainProxy.java:336) ~[spring-security-web-5.5.2.jar:5.5.2]
	at org.springframework.security.web.authentication.AnonymousAuthenticationFilter.doFilter(AnonymousAuthenticationFilter.java:105) ~[spring-security-web-5.5.2.jar:5.5.2]
	at org.springframework.security.web.FilterChainProxy$VirtualFilterChain.doFilter(FilterChainProxy.java:336) ~[spring-security-web-5.5.2.jar:5.5.2]
	at org.springframework.security.web.servletapi.SecurityContextHolderAwareRequestFilter.doFilter(SecurityContextHolderAwareRequestFilter.java:149) ~[spring-security-web-5.5.2.jar:5.5.2]
	at org.springframework.security.web.FilterChainProxy$VirtualFilterChain.doFilter(FilterChainProxy.java:336) ~[spring-security-web-5.5.2.jar:5.5.2]
	at org.springframework.security.web.savedrequest.RequestCacheAwareFilter.doFilter(RequestCacheAwareFilter.java:63) ~[spring-security-web-5.5.2.jar:5.5.2]
	at org.springframework.security.web.FilterChainProxy$VirtualFilterChain.doFilter(FilterChainProxy.java:336) ~[spring-security-web-5.5.2.jar:5.5.2]
	at org.springframework.security.web.authentication.logout.LogoutFilter.doFilter(LogoutFilter.java:103) ~[spring-security-web-5.5.2.jar:5.5.2]
	at org.springframework.security.web.authentication.logout.LogoutFilter.doFilter(LogoutFilter.java:89) ~[spring-security-web-5.5.2.jar:5.5.2]
	at org.springframework.security.web.FilterChainProxy$VirtualFilterChain.doFilter(FilterChainProxy.java:336) ~[spring-security-web-5.5.2.jar:5.5.2]
	at org.springframework.security.web.header.HeaderWriterFilter.doHeadersAfter(HeaderWriterFilter.java:90) ~[spring-security-web-5.5.2.jar:5.5.2]
	at org.springframework.security.web.header.HeaderWriterFilter.doFilterInternal(HeaderWriterFilter.java:75) ~[spring-security-web-5.5.2.jar:5.5.2]
	at org.springframework.web.filter.OncePerRequestFilter.doFilter(OncePerRequestFilter.java:119) ~[spring-web-5.3.10.jar:5.3.10]
	at org.springframework.security.web.FilterChainProxy$VirtualFilterChain.doFilter(FilterChainProxy.java:336) ~[spring-security-web-5.5.2.jar:5.5.2]
	at org.springframework.security.web.context.SecurityContextPersistenceFilter.doFilter(SecurityContextPersistenceFilter.java:110) ~[spring-security-web-5.5.2.jar:5.5.2]
	at org.springframework.security.web.context.SecurityContextPersistenceFilter.doFilter(SecurityContextPersistenceFilter.java:80) ~[spring-security-web-5.5.2.jar:5.5.2]
	at org.springframework.security.web.FilterChainProxy$VirtualFilterChain.doFilter(FilterChainProxy.java:336) ~[spring-security-web-5.5.2.jar:5.5.2]
	at org.springframework.security.web.context.request.async.WebAsyncManagerIntegrationFilter.doFilterInternal(WebAsyncManagerIntegrationFilter.java:55) ~[spring-security-web-5.5.2.jar:5.5.2]
	at org.springframework.web.filter.OncePerRequestFilter.doFilter(OncePerRequestFilter.java:119) ~[spring-web-5.3.10.jar:5.3.10]
	at org.springframework.security.web.FilterChainProxy$VirtualFilterChain.doFilter(FilterChainProxy.java:336) ~[spring-security-web-5.5.2.jar:5.5.2]
	at org.springframework.security.web.FilterChainProxy.doFilterInternal(FilterChainProxy.java:211) ~[spring-security-web-5.5.2.jar:5.5.2]
	at org.springframework.security.web.FilterChainProxy.doFilter(FilterChainProxy.java:183) ~[spring-security-web-5.5.2.jar:5.5.2]
	at org.springframework.web.filter.DelegatingFilterProxy.invokeDelegate(DelegatingFilterProxy.java:358) ~[spring-web-5.3.10.jar:5.3.10]
	at org.springframework.web.filter.DelegatingFilterProxy.doFilter(DelegatingFilterProxy.java:271) ~[spring-web-5.3.10.jar:5.3.10]
	at org.apache.catalina.core.ApplicationFilterChain.internalDoFilter(ApplicationFilterChain.java:189) ~[tomcat-embed-core-9.0.53.jar:9.0.53]
	at org.apache.catalina.core.ApplicationFilterChain.doFilter(ApplicationFilterChain.java:162) ~[tomcat-embed-core-9.0.53.jar:9.0.53]
	at org.springframework.web.filter.RequestContextFilter.doFilterInternal(RequestContextFilter.java:100) ~[spring-web-5.3.10.jar:5.3.10]
	at org.springframework.web.filter.OncePerRequestFilter.doFilter(OncePerRequestFilter.java:119) ~[spring-web-5.3.10.jar:5.3.10]
	at org.apache.catalina.core.ApplicationFilterChain.internalDoFilter(ApplicationFilterChain.java:189) ~[tomcat-embed-core-9.0.53.jar:9.0.53]
	at org.apache.catalina.core.ApplicationFilterChain.doFilter(ApplicationFilterChain.java:162) ~[tomcat-embed-core-9.0.53.jar:9.0.53]
	at org.springframework.web.filter.FormContentFilter.doFilterInternal(FormContentFilter.java:93) ~[spring-web-5.3.10.jar:5.3.10]
	at org.springframework.web.filter.OncePerRequestFilter.doFilter(OncePerRequestFilter.java:119) ~[spring-web-5.3.10.jar:5.3.10]
	at org.apache.catalina.core.ApplicationFilterChain.internalDoFilter(ApplicationFilterChain.java:189) ~[tomcat-embed-core-9.0.53.jar:9.0.53]
	at org.apache.catalina.core.ApplicationFilterChain.doFilter(ApplicationFilterChain.java:162) ~[tomcat-embed-core-9.0.53.jar:9.0.53]
	at org.springframework.web.filter.CharacterEncodingFilter.doFilterInternal(CharacterEncodingFilter.java:201) ~[spring-web-5.3.10.jar:5.3.10]
	at org.springframework.web.filter.OncePerRequestFilter.doFilter(OncePerRequestFilter.java:119) ~[spring-web-5.3.10.jar:5.3.10]
	at org.apache.catalina.core.ApplicationFilterChain.internalDoFilter(ApplicationFilterChain.java:189) ~[tomcat-embed-core-9.0.53.jar:9.0.53]
	at org.apache.catalina.core.ApplicationFilterChain.doFilter(ApplicationFilterChain.java:162) ~[tomcat-embed-core-9.0.53.jar:9.0.53]
	at org.apache.catalina.core.StandardWrapperValve.invoke(StandardWrapperValve.java:197) ~[tomcat-embed-core-9.0.53.jar:9.0.53]
	at org.apache.catalina.core.StandardContextValve.invoke(StandardContextValve.java:97) ~[tomcat-embed-core-9.0.53.jar:9.0.53]
	at org.apache.catalina.authenticator.AuthenticatorBase.invoke(AuthenticatorBase.java:540) ~[tomcat-embed-core-9.0.53.jar:9.0.53]
	at org.apache.catalina.core.StandardHostValve.invoke(StandardHostValve.java:135) ~[tomcat-embed-core-9.0.53.jar:9.0.53]
	at org.apache.catalina.valves.ErrorReportValve.invoke(ErrorReportValve.java:92) ~[tomcat-embed-core-9.0.53.jar:9.0.53]
	at org.apache.catalina.core.StandardEngineValve.invoke(StandardEngineValve.java:78) ~[tomcat-embed-core-9.0.53.jar:9.0.53]
	at org.apache.catalina.connector.CoyoteAdapter.service(CoyoteAdapter.java:357) ~[tomcat-embed-core-9.0.53.jar:9.0.53]
	at org.apache.coyote.http11.Http11Processor.service(Http11Processor.java:382) ~[tomcat-embed-core-9.0.53.jar:9.0.53]
	at org.apache.coyote.AbstractProcessorLight.process(AbstractProcessorLight.java:65) ~[tomcat-embed-core-9.0.53.jar:9.0.53]
	at org.apache.coyote.AbstractProtocol$ConnectionHandler.process(AbstractProtocol.java:893) ~[tomcat-embed-core-9.0.53.jar:9.0.53]
	at org.apache.tomcat.util.net.NioEndpoint$SocketProcessor.doRun(NioEndpoint.java:1726) ~[tomcat-embed-core-9.0.53.jar:9.0.53]
	at org.apache.tomcat.util.net.SocketProcessorBase.run(SocketProcessorBase.java:49) ~[tomcat-embed-core-9.0.53.jar:9.0.53]
	at org.apache.tomcat.util.threads.ThreadPoolExecutor.runWorker(ThreadPoolExecutor.java:1191) ~[tomcat-embed-core-9.0.53.jar:9.0.53]
	at org.apache.tomcat.util.threads.ThreadPoolExecutor$Worker.run(ThreadPoolExecutor.java:659) ~[tomcat-embed-core-9.0.53.jar:9.0.53]
	at org.apache.tomcat.util.threads.TaskThread$WrappingRunnable.run(TaskThread.java:61) ~[tomcat-embed-core-9.0.53.jar:9.0.53]
	at java.base/java.lang.Thread.run(Thread.java:833) ~[na:na]

2023-05-08 11:50:29.743 DEBUG 27127 --- [http-nio-8080-exec-1] org.hibernate.SQL                        : insert into app_user (id, email, first_name, last_name, password, role, username) values (null, ?, ?, ?, ?, ?, ?)
2023-05-08 11:50:29.744 TRACE 27127 --- [http-nio-8080-exec-1] o.h.type.descriptor.sql.BasicBinder      : binding parameter [1] as [VARCHAR] - [massari@email.com]
2023-05-08 11:50:29.744 TRACE 27127 --- [http-nio-8080-exec-1] o.h.type.descriptor.sql.BasicBinder      : binding parameter [2] as [VARCHAR] - [Test]
2023-05-08 11:50:29.744 TRACE 27127 --- [http-nio-8080-exec-1] o.h.type.descriptor.sql.BasicBinder      : binding parameter [3] as [VARCHAR] - [User]
2023-05-08 11:50:29.745 TRACE 27127 --- [http-nio-8080-exec-1] o.h.type.descriptor.sql.BasicBinder      : binding parameter [4] as [VARCHAR] - [$2a$10$2LazLs76raZ5plQfEkaOVeECwFnN8LXK9kwQ4cWUXUlMTm63jr6Z6]
2023-05-08 11:50:29.745 TRACE 27127 --- [http-nio-8080-exec-1] o.h.type.descriptor.sql.BasicBinder      : binding parameter [5] as [VARCHAR] - [Admin]
2023-05-08 11:50:29.745 TRACE 27127 --- [http-nio-8080-exec-1] o.h.type.descriptor.sql.BasicBinder      : binding parameter [6] as [VARCHAR] - [Massaranduba]
2023-05-08 11:50:32.893 DEBUG 27127 --- [http-nio-8080-exec-2] org.hibernate.SQL                        : select user0_.id as id1_0_, user0_.email as email2_0_, user0_.first_name as first_na3_0_, user0_.last_name as last_nam4_0_, user0_.password as password5_0_, user0_.role as role6_0_, user0_.username as username7_0_ from app_user user0_ where user0_.username=?
2023-05-08 11:50:32.893 TRACE 27127 --- [http-nio-8080-exec-2] o.h.type.descriptor.sql.BasicBinder      : binding parameter [1] as [VARCHAR] - [Massaranduba]
2023-05-08 11:50:32.894 TRACE 27127 --- [http-nio-8080-exec-2] o.h.type.descriptor.sql.BasicExtractor   : extracted value ([id1_0_] : [BIGINT]) - [6]
2023-05-08 11:50:32.896 TRACE 27127 --- [http-nio-8080-exec-2] o.h.type.descriptor.sql.BasicExtractor   : extracted value ([email2_0_] : [VARCHAR]) - [massari@email.com]
2023-05-08 11:50:32.896 TRACE 27127 --- [http-nio-8080-exec-2] o.h.type.descriptor.sql.BasicExtractor   : extracted value ([first_na3_0_] : [VARCHAR]) - [Test]
2023-05-08 11:50:32.896 TRACE 27127 --- [http-nio-8080-exec-2] o.h.type.descriptor.sql.BasicExtractor   : extracted value ([last_nam4_0_] : [VARCHAR]) - [User]
2023-05-08 11:50:32.896 TRACE 27127 --- [http-nio-8080-exec-2] o.h.type.descriptor.sql.BasicExtractor   : extracted value ([password5_0_] : [VARCHAR]) - [$2a$10$2LazLs76raZ5plQfEkaOVeECwFnN8LXK9kwQ4cWUXUlMTm63jr6Z6]
2023-05-08 11:50:32.896 TRACE 27127 --- [http-nio-8080-exec-2] o.h.type.descriptor.sql.BasicExtractor   : extracted value ([role6_0_] : [VARCHAR]) - [Admin]
2023-05-08 11:50:32.896 TRACE 27127 --- [http-nio-8080-exec-2] o.h.type.descriptor.sql.BasicExtractor   : extracted value ([username7_0_] : [VARCHAR]) - [Massaranduba]
2023-05-08 11:50:32.898  INFO 27127 --- [http-nio-8080-exec-2] c.m.e.e.s.user.UserDetailsServiceImpl    : User 'Massaranduba' authenticated successfully.
2023-05-08 11:54:37.531  INFO 27152 --- [main] c.m.eventsapp.EventsApplication          : Starting EventsApplication using Java 17.0.7 on mbair.local with PID 27152 (/Users/massari/Documents/Java-Spring/events-app/build/classes/java/main started by massari in /Users/massari/Documents/Java-Spring/events-app)
2023-05-08 11:54:37.532 DEBUG 27152 --- [main] c.m.eventsapp.EventsApplication          : Running with Spring Boot v2.5.5, Spring v5.3.10
2023-05-08 11:54:37.532  INFO 27152 --- [main] c.m.eventsapp.EventsApplication          : No active profile set, falling back to default profiles: default
2023-05-08 11:54:38.114  WARN 27152 --- [main] JpaBaseConfiguration$JpaWebConfiguration : spring.jpa.open-in-view is enabled by default. Therefore, database queries may be performed during view rendering. Explicitly configure spring.jpa.open-in-view to disable this warning
2023-05-08 11:54:38.529 DEBUG 27152 --- [main] org.hibernate.SQL                        : create table app_user (id bigint generated by default as identity, email varchar(255), first_name varchar(255), last_name varchar(255), password varchar(255), role varchar(255), username varchar(255), primary key (id))
2023-05-08 11:54:38.532 DEBUG 27152 --- [main] org.hibernate.SQL                        : create table event (id bigint generated by default as identity, date timestamp, description varchar(255), name varchar(255), host_id bigint, region_id bigint, primary key (id))
2023-05-08 11:54:38.532 DEBUG 27152 --- [main] org.hibernate.SQL                        : create table event_cohosts (event_id bigint not null, cohost_id bigint not null, primary key (event_id, cohost_id))
2023-05-08 11:54:38.533 DEBUG 27152 --- [main] org.hibernate.SQL                        : create table region (id bigint generated by default as identity, name varchar(255), primary key (id))
2023-05-08 11:54:38.534 DEBUG 27152 --- [main] org.hibernate.SQL                        : alter table app_user drop constraint if exists UK_1j9d9a06i600gd43uu3km82jw
2023-05-08 11:54:38.534 DEBUG 27152 --- [main] org.hibernate.SQL                        : alter table app_user add constraint UK_1j9d9a06i600gd43uu3km82jw unique (email)
2023-05-08 11:54:38.534 DEBUG 27152 --- [main] org.hibernate.SQL                        : alter table event add constraint FKmqy1hlt55grwopt2j3adk3pht foreign key (host_id) references app_user
2023-05-08 11:54:38.535 DEBUG 27152 --- [main] org.hibernate.SQL                        : alter table event add constraint FKjo3inaua6ckdrr2qeehh9225v foreign key (region_id) references region
2023-05-08 11:54:38.536 DEBUG 27152 --- [main] org.hibernate.SQL                        : alter table event_cohosts add constraint FKjqpaw1oqoas11pjb1ans6yw32 foreign key (cohost_id) references app_user
2023-05-08 11:54:38.537 DEBUG 27152 --- [main] org.hibernate.SQL                        : alter table event_cohosts add constraint FK45cmrifg6nptear5bugp1otli foreign key (event_id) references event
2023-05-08 11:54:38.694 DEBUG 27152 --- [main] c.m.e.e.s.JwtAuthenticationFilter        : Filter 'jwtAuthenticationFilter' configured for use
2023-05-08 11:54:38.909  INFO 27152 --- [main] c.m.eventsapp.EventsApplication          : Started EventsApplication in 1.514 seconds (JVM running for 1.865)
2023-05-08 11:55:08.628 ERROR 27152 --- [http-nio-8080-exec-1] c.m.e.e.s.JwtAuthenticationFilter        : Invalid JWT token

io.jsonwebtoken.MalformedJwtException: JWT strings must contain exactly 2 period characters. Found: 0
	at io.jsonwebtoken.impl.DefaultJwtParser.parse(DefaultJwtParser.java:235) ~[jjwt-0.9.1.jar:0.9.1]
	at io.jsonwebtoken.impl.DefaultJwtParser.parse(DefaultJwtParser.java:481) ~[jjwt-0.9.1.jar:0.9.1]
	at io.jsonwebtoken.impl.DefaultJwtParser.parseClaimsJws(DefaultJwtParser.java:541) ~[jjwt-0.9.1.jar:0.9.1]
	at com.massaricompany.eventsapp.events.security.JwtAuthenticationFilter.validateToken(JwtAuthenticationFilter.java:81) ~[main/:na]
	at com.massaricompany.eventsapp.events.security.JwtAuthenticationFilter.doFilterInternal(JwtAuthenticationFilter.java:51) ~[main/:na]
	at org.springframework.web.filter.OncePerRequestFilter.doFilter(OncePerRequestFilter.java:119) ~[spring-web-5.3.10.jar:5.3.10]
	at org.apache.catalina.core.ApplicationFilterChain.internalDoFilter(ApplicationFilterChain.java:189) ~[tomcat-embed-core-9.0.53.jar:9.0.53]
	at org.apache.catalina.core.ApplicationFilterChain.doFilter(ApplicationFilterChain.java:162) ~[tomcat-embed-core-9.0.53.jar:9.0.53]
	at org.springframework.security.web.FilterChainProxy$VirtualFilterChain.doFilter(FilterChainProxy.java:327) ~[spring-security-web-5.5.2.jar:5.5.2]
	at org.springframework.security.web.access.intercept.FilterSecurityInterceptor.invoke(FilterSecurityInterceptor.java:115) ~[spring-security-web-5.5.2.jar:5.5.2]
	at org.springframework.security.web.access.intercept.FilterSecurityInterceptor.doFilter(FilterSecurityInterceptor.java:81) ~[spring-security-web-5.5.2.jar:5.5.2]
	at org.springframework.security.web.FilterChainProxy$VirtualFilterChain.doFilter(FilterChainProxy.java:336) ~[spring-security-web-5.5.2.jar:5.5.2]
	at org.springframework.security.web.access.ExceptionTranslationFilter.doFilter(ExceptionTranslationFilter.java:121) ~[spring-security-web-5.5.2.jar:5.5.2]
	at org.springframework.security.web.access.ExceptionTranslationFilter.doFilter(ExceptionTranslationFilter.java:115) ~[spring-security-web-5.5.2.jar:5.5.2]
	at org.springframework.security.web.FilterChainProxy$VirtualFilterChain.doFilter(FilterChainProxy.java:336) ~[spring-security-web-5.5.2.jar:5.5.2]
	at org.springframework.security.web.session.SessionManagementFilter.doFilter(SessionManagementFilter.java:126) ~[spring-security-web-5.5.2.jar:5.5.2]
	at org.springframework.security.web.session.SessionManagementFilter.doFilter(SessionManagementFilter.java:81) ~[spring-security-web-5.5.2.jar:5.5.2]
	at org.springframework.security.web.FilterChainProxy$VirtualFilterChain.doFilter(FilterChainProxy.java:336) ~[spring-security-web-5.5.2.jar:5.5.2]
	at org.springframework.security.web.authentication.AnonymousAuthenticationFilter.doFilter(AnonymousAuthenticationFilter.java:105) ~[spring-security-web-5.5.2.jar:5.5.2]
	at org.springframework.security.web.FilterChainProxy$VirtualFilterChain.doFilter(FilterChainProxy.java:336) ~[spring-security-web-5.5.2.jar:5.5.2]
	at org.springframework.security.web.servletapi.SecurityContextHolderAwareRequestFilter.doFilter(SecurityContextHolderAwareRequestFilter.java:149) ~[spring-security-web-5.5.2.jar:5.5.2]
	at org.springframework.security.web.FilterChainProxy$VirtualFilterChain.doFilter(FilterChainProxy.java:336) ~[spring-security-web-5.5.2.jar:5.5.2]
	at org.springframework.security.web.savedrequest.RequestCacheAwareFilter.doFilter(RequestCacheAwareFilter.java:63) ~[spring-security-web-5.5.2.jar:5.5.2]
	at org.springframework.security.web.FilterChainProxy$VirtualFilterChain.doFilter(FilterChainProxy.java:336) ~[spring-security-web-5.5.2.jar:5.5.2]
	at org.springframework.security.web.authentication.logout.LogoutFilter.doFilter(LogoutFilter.java:103) ~[spring-security-web-5.5.2.jar:5.5.2]
	at org.springframework.security.web.authentication.logout.LogoutFilter.doFilter(LogoutFilter.java:89) ~[spring-security-web-5.5.2.jar:5.5.2]
	at org.springframework.security.web.FilterChainProxy$VirtualFilterChain.doFilter(FilterChainProxy.java:336) ~[spring-security-web-5.5.2.jar:5.5.2]
	at org.springframework.security.web.header.HeaderWriterFilter.doHeadersAfter(HeaderWriterFilter.java:90) ~[spring-security-web-5.5.2.jar:5.5.2]
	at org.springframework.security.web.header.HeaderWriterFilter.doFilterInternal(HeaderWriterFilter.java:75) ~[spring-security-web-5.5.2.jar:5.5.2]
	at org.springframework.web.filter.OncePerRequestFilter.doFilter(OncePerRequestFilter.java:119) ~[spring-web-5.3.10.jar:5.3.10]
	at org.springframework.security.web.FilterChainProxy$VirtualFilterChain.doFilter(FilterChainProxy.java:336) ~[spring-security-web-5.5.2.jar:5.5.2]
	at org.springframework.security.web.context.SecurityContextPersistenceFilter.doFilter(SecurityContextPersistenceFilter.java:110) ~[spring-security-web-5.5.2.jar:5.5.2]
	at org.springframework.security.web.context.SecurityContextPersistenceFilter.doFilter(SecurityContextPersistenceFilter.java:80) ~[spring-security-web-5.5.2.jar:5.5.2]
	at org.springframework.security.web.FilterChainProxy$VirtualFilterChain.doFilter(FilterChainProxy.java:336) ~[spring-security-web-5.5.2.jar:5.5.2]
	at org.springframework.security.web.context.request.async.WebAsyncManagerIntegrationFilter.doFilterInternal(WebAsyncManagerIntegrationFilter.java:55) ~[spring-security-web-5.5.2.jar:5.5.2]
	at org.springframework.web.filter.OncePerRequestFilter.doFilter(OncePerRequestFilter.java:119) ~[spring-web-5.3.10.jar:5.3.10]
	at org.springframework.security.web.FilterChainProxy$VirtualFilterChain.doFilter(FilterChainProxy.java:336) ~[spring-security-web-5.5.2.jar:5.5.2]
	at org.springframework.security.web.FilterChainProxy.doFilterInternal(FilterChainProxy.java:211) ~[spring-security-web-5.5.2.jar:5.5.2]
	at org.springframework.security.web.FilterChainProxy.doFilter(FilterChainProxy.java:183) ~[spring-security-web-5.5.2.jar:5.5.2]
	at org.springframework.web.filter.DelegatingFilterProxy.invokeDelegate(DelegatingFilterProxy.java:358) ~[spring-web-5.3.10.jar:5.3.10]
	at org.springframework.web.filter.DelegatingFilterProxy.doFilter(DelegatingFilterProxy.java:271) ~[spring-web-5.3.10.jar:5.3.10]
	at org.apache.catalina.core.ApplicationFilterChain.internalDoFilter(ApplicationFilterChain.java:189) ~[tomcat-embed-core-9.0.53.jar:9.0.53]
	at org.apache.catalina.core.ApplicationFilterChain.doFilter(ApplicationFilterChain.java:162) ~[tomcat-embed-core-9.0.53.jar:9.0.53]
	at org.springframework.web.filter.RequestContextFilter.doFilterInternal(RequestContextFilter.java:100) ~[spring-web-5.3.10.jar:5.3.10]
	at org.springframework.web.filter.OncePerRequestFilter.doFilter(OncePerRequestFilter.java:119) ~[spring-web-5.3.10.jar:5.3.10]
	at org.apache.catalina.core.ApplicationFilterChain.internalDoFilter(ApplicationFilterChain.java:189) ~[tomcat-embed-core-9.0.53.jar:9.0.53]
	at org.apache.catalina.core.ApplicationFilterChain.doFilter(ApplicationFilterChain.java:162) ~[tomcat-embed-core-9.0.53.jar:9.0.53]
	at org.springframework.web.filter.FormContentFilter.doFilterInternal(FormContentFilter.java:93) ~[spring-web-5.3.10.jar:5.3.10]
	at org.springframework.web.filter.OncePerRequestFilter.doFilter(OncePerRequestFilter.java:119) ~[spring-web-5.3.10.jar:5.3.10]
	at org.apache.catalina.core.ApplicationFilterChain.internalDoFilter(ApplicationFilterChain.java:189) ~[tomcat-embed-core-9.0.53.jar:9.0.53]
	at org.apache.catalina.core.ApplicationFilterChain.doFilter(ApplicationFilterChain.java:162) ~[tomcat-embed-core-9.0.53.jar:9.0.53]
	at org.springframework.web.filter.CharacterEncodingFilter.doFilterInternal(CharacterEncodingFilter.java:201) ~[spring-web-5.3.10.jar:5.3.10]
	at org.springframework.web.filter.OncePerRequestFilter.doFilter(OncePerRequestFilter.java:119) ~[spring-web-5.3.10.jar:5.3.10]
	at org.apache.catalina.core.ApplicationFilterChain.internalDoFilter(ApplicationFilterChain.java:189) ~[tomcat-embed-core-9.0.53.jar:9.0.53]
	at org.apache.catalina.core.ApplicationFilterChain.doFilter(ApplicationFilterChain.java:162) ~[tomcat-embed-core-9.0.53.jar:9.0.53]
	at org.apache.catalina.core.StandardWrapperValve.invoke(StandardWrapperValve.java:197) ~[tomcat-embed-core-9.0.53.jar:9.0.53]
	at org.apache.catalina.core.StandardContextValve.invoke(StandardContextValve.java:97) ~[tomcat-embed-core-9.0.53.jar:9.0.53]
	at org.apache.catalina.authenticator.AuthenticatorBase.invoke(AuthenticatorBase.java:540) ~[tomcat-embed-core-9.0.53.jar:9.0.53]
	at org.apache.catalina.core.StandardHostValve.invoke(StandardHostValve.java:135) ~[tomcat-embed-core-9.0.53.jar:9.0.53]
	at org.apache.catalina.valves.ErrorReportValve.invoke(ErrorReportValve.java:92) ~[tomcat-embed-core-9.0.53.jar:9.0.53]
	at org.apache.catalina.core.StandardEngineValve.invoke(StandardEngineValve.java:78) ~[tomcat-embed-core-9.0.53.jar:9.0.53]
	at org.apache.catalina.connector.CoyoteAdapter.service(CoyoteAdapter.java:357) ~[tomcat-embed-core-9.0.53.jar:9.0.53]
	at org.apache.coyote.http11.Http11Processor.service(Http11Processor.java:382) ~[tomcat-embed-core-9.0.53.jar:9.0.53]
	at org.apache.coyote.AbstractProcessorLight.process(AbstractProcessorLight.java:65) ~[tomcat-embed-core-9.0.53.jar:9.0.53]
	at org.apache.coyote.AbstractProtocol$ConnectionHandler.process(AbstractProtocol.java:893) ~[tomcat-embed-core-9.0.53.jar:9.0.53]
	at org.apache.tomcat.util.net.NioEndpoint$SocketProcessor.doRun(NioEndpoint.java:1726) ~[tomcat-embed-core-9.0.53.jar:9.0.53]
	at org.apache.tomcat.util.net.SocketProcessorBase.run(SocketProcessorBase.java:49) ~[tomcat-embed-core-9.0.53.jar:9.0.53]
	at org.apache.tomcat.util.threads.ThreadPoolExecutor.runWorker(ThreadPoolExecutor.java:1191) ~[tomcat-embed-core-9.0.53.jar:9.0.53]
	at org.apache.tomcat.util.threads.ThreadPoolExecutor$Worker.run(ThreadPoolExecutor.java:659) ~[tomcat-embed-core-9.0.53.jar:9.0.53]
	at org.apache.tomcat.util.threads.TaskThread$WrappingRunnable.run(TaskThread.java:61) ~[tomcat-embed-core-9.0.53.jar:9.0.53]
	at java.base/java.lang.Thread.run(Thread.java:833) ~[na:na]

2023-05-08 11:55:08.754 DEBUG 27152 --- [http-nio-8080-exec-1] org.hibernate.SQL                        : insert into app_user (id, email, first_name, last_name, password, role, username) values (null, ?, ?, ?, ?, ?, ?)
2023-05-08 11:55:08.756 TRACE 27152 --- [http-nio-8080-exec-1] o.h.type.descriptor.sql.BasicBinder      : binding parameter [1] as [VARCHAR] - [massari@email.com]
2023-05-08 11:55:08.756 TRACE 27152 --- [http-nio-8080-exec-1] o.h.type.descriptor.sql.BasicBinder      : binding parameter [2] as [VARCHAR] - [Test]
2023-05-08 11:55:08.756 TRACE 27152 --- [http-nio-8080-exec-1] o.h.type.descriptor.sql.BasicBinder      : binding parameter [3] as [VARCHAR] - [User]
2023-05-08 11:55:08.756 TRACE 27152 --- [http-nio-8080-exec-1] o.h.type.descriptor.sql.BasicBinder      : binding parameter [4] as [VARCHAR] - [$2a$10$f122Huq7npMOdBuWpMlVT.BcilIiSzP6f1iGZa4wE/OO3bEYr43rO]
2023-05-08 11:55:08.756 TRACE 27152 --- [http-nio-8080-exec-1] o.h.type.descriptor.sql.BasicBinder      : binding parameter [5] as [VARCHAR] - [Admin]
2023-05-08 11:55:08.756 TRACE 27152 --- [http-nio-8080-exec-1] o.h.type.descriptor.sql.BasicBinder      : binding parameter [6] as [VARCHAR] - [Massaranduba]
2023-05-08 11:55:11.441 DEBUG 27152 --- [http-nio-8080-exec-2] org.hibernate.SQL                        : select user0_.id as id1_0_, user0_.email as email2_0_, user0_.first_name as first_na3_0_, user0_.last_name as last_nam4_0_, user0_.password as password5_0_, user0_.role as role6_0_, user0_.username as username7_0_ from app_user user0_ where user0_.username=?
2023-05-08 11:55:11.441 TRACE 27152 --- [http-nio-8080-exec-2] o.h.type.descriptor.sql.BasicBinder      : binding parameter [1] as [VARCHAR] - [Massaranduba]
2023-05-08 11:55:11.442 TRACE 27152 --- [http-nio-8080-exec-2] o.h.type.descriptor.sql.BasicExtractor   : extracted value ([id1_0_] : [BIGINT]) - [6]
2023-05-08 11:55:11.443 TRACE 27152 --- [http-nio-8080-exec-2] o.h.type.descriptor.sql.BasicExtractor   : extracted value ([email2_0_] : [VARCHAR]) - [massari@email.com]
2023-05-08 11:55:11.443 TRACE 27152 --- [http-nio-8080-exec-2] o.h.type.descriptor.sql.BasicExtractor   : extracted value ([first_na3_0_] : [VARCHAR]) - [Test]
2023-05-08 11:55:11.443 TRACE 27152 --- [http-nio-8080-exec-2] o.h.type.descriptor.sql.BasicExtractor   : extracted value ([last_nam4_0_] : [VARCHAR]) - [User]
2023-05-08 11:55:11.443 TRACE 27152 --- [http-nio-8080-exec-2] o.h.type.descriptor.sql.BasicExtractor   : extracted value ([password5_0_] : [VARCHAR]) - [$2a$10$f122Huq7npMOdBuWpMlVT.BcilIiSzP6f1iGZa4wE/OO3bEYr43rO]
2023-05-08 11:55:11.443 TRACE 27152 --- [http-nio-8080-exec-2] o.h.type.descriptor.sql.BasicExtractor   : extracted value ([role6_0_] : [VARCHAR]) - [Admin]
2023-05-08 11:55:11.443 TRACE 27152 --- [http-nio-8080-exec-2] o.h.type.descriptor.sql.BasicExtractor   : extracted value ([username7_0_] : [VARCHAR]) - [Massaranduba]
2023-05-08 11:55:11.445  INFO 27152 --- [http-nio-8080-exec-2] c.m.e.e.s.user.UserDetailsServiceImpl    : User 'Massaranduba' authenticated successfully.
2023-05-08 12:31:49.606  WARN 27152 --- [HikariPool-1 housekeeper] com.zaxxer.hikari.pool.HikariPool        : HikariPool-1 - Thread starvation or clock leap detected (housekeeper delta=18m11s306ms).
2023-05-08 13:24:46.104  WARN 27152 --- [HikariPool-1 housekeeper] com.zaxxer.hikari.pool.HikariPool        : HikariPool-1 - Thread starvation or clock leap detected (housekeeper delta=1m26s156ms).
2023-05-08 14:05:25.613  WARN 27152 --- [HikariPool-1 housekeeper] com.zaxxer.hikari.pool.HikariPool        : HikariPool-1 - Thread starvation or clock leap detected (housekeeper delta=22m9s374ms).
2023-05-08 14:29:30.540  WARN 27152 --- [HikariPool-1 housekeeper] com.zaxxer.hikari.pool.HikariPool        : HikariPool-1 - Thread starvation or clock leap detected (housekeeper delta=16m4s880ms).
2023-05-08 15:07:38.193  WARN 27152 --- [HikariPool-1 housekeeper] com.zaxxer.hikari.pool.HikariPool        : HikariPool-1 - Thread starvation or clock leap detected (housekeeper delta=34m37s635ms).
2023-05-08 15:33:21.301  WARN 27152 --- [HikariPool-1 housekeeper] com.zaxxer.hikari.pool.HikariPool        : HikariPool-1 - Thread starvation or clock leap detected (housekeeper delta=25m43s108ms).
2023-05-08 16:51:10.039  WARN 27152 --- [HikariPool-1 housekeeper] com.zaxxer.hikari.pool.HikariPool        : HikariPool-1 - Thread starvation or clock leap detected (housekeeper delta=58m48s652ms).
2023-05-08 17:56:49.759  WARN 27152 --- [HikariPool-1 housekeeper] com.zaxxer.hikari.pool.HikariPool        : HikariPool-1 - Thread starvation or clock leap detected (housekeeper delta=1h5m39s720ms).
2023-05-08 18:24:54.654  WARN 27152 --- [HikariPool-1 housekeeper] com.zaxxer.hikari.pool.HikariPool        : HikariPool-1 - Thread starvation or clock leap detected (housekeeper delta=28m4s895ms).
2023-05-08 18:45:51.453  WARN 27152 --- [HikariPool-1 housekeeper] com.zaxxer.hikari.pool.HikariPool        : HikariPool-1 - Thread starvation or clock leap detected (housekeeper delta=18m26s785ms).
2023-05-08 19:14:31.920  WARN 27152 --- [HikariPool-1 housekeeper] com.zaxxer.hikari.pool.HikariPool        : HikariPool-1 - Thread starvation or clock leap detected (housekeeper delta=28m40s467ms).
